<?xml version="1.0" encoding="UTF-8"?>
<TestRun id="66e5f59f-495a-4bed-9a38-46ec09828856" name="Еламан@YELAMAN 2016-08-23 17:01:37" runUser="Yelaman\Еламан" xmlns="http://microsoft.com/schemas/VisualStudio/TeamTest/2010">
  <TestSettings name="Локальные" id="d2efc63d-66ec-40bb-b0db-85bac1ca0f2e">
    <Description>Это - параметры по умолчанию для локального тестового запуска.</Description>
    <Deployment enabled="false" runDeploymentRoot="Еламан_YELAMAN 2016-08-23 17_01_37" />
    <Execution>
      <TestTypeSpecific />
      <AgentRule name="Execution Agents">
      </AgentRule>
    </Execution>
  </TestSettings>
  <Times creation="2016-08-23T17:01:37.7482833+06:00" queuing="2016-08-23T17:01:38.1973090+06:00" start="2016-08-23T17:01:38.3003149+06:00" finish="2016-08-23T17:01:38.8693474+06:00" />
  <ResultSummary outcome="Failed">
    <Counters total="1" executed="1" error="0" failed="1" timeout="0" aborted="0" inconclusive="0" passedButRunAborted="0" notRunnable="0" notExecuted="0" disconnected="0" warning="0" passed="0" completed="0" inProgress="0" pending="0" />
  </ResultSummary>
  <TestDefinitions>
    <UnitTest name="CanChangeLoginName" storage="c:\users\еламан\documents\visual studio 2010\projects\gamestore\testingdemo\testingdemo\bin\debug\testingdemo.dll" id="6e04680b-98ee-4548-17c0-8d7e32fdff10">
      <Execution id="9b029306-34a7-4401-8353-66d8bf81d899" />
      <TestMethod codeBase="C:/Users/Еламан/Documents/Visual Studio 2010/Projects/GameStore/TestingDemo/TestingDemo/bin/Debug/TestingDemo.DLL" adapterTypeName="Microsoft.VisualStudio.TestTools.TestTypes.Unit.UnitTestAdapter, Microsoft.VisualStudio.QualityTools.Tips.UnitTest.Adapter, Version=10.0.0.0, Culture=neutral, PublicKeyToken=b03f5f7f11d50a3a" className="TestingDemo.AdminControllerTests, TestingDemo, Version=1.0.0.0, Culture=neutral, PublicKeyToken=null" name="CanChangeLoginName" />
    </UnitTest>
  </TestDefinitions>
  <TestLists>
    <TestList name="Отсутствующие в списке результаты" id="8c84fa94-04c1-424b-9868-57a2d4851a1d" />
    <TestList name="Все загруженные результаты" id="19431567-8539-422a-85d7-44ee4e166bda" />
  </TestLists>
  <TestEntries>
    <TestEntry testId="6e04680b-98ee-4548-17c0-8d7e32fdff10" executionId="9b029306-34a7-4401-8353-66d8bf81d899" testListId="8c84fa94-04c1-424b-9868-57a2d4851a1d" />
  </TestEntries>
  <Results>
    <UnitTestResult executionId="9b029306-34a7-4401-8353-66d8bf81d899" testId="6e04680b-98ee-4548-17c0-8d7e32fdff10" testName="CanChangeLoginName" computerName="YELAMAN" duration="00:00:00.1288080" startTime="2016-08-23T17:01:38.4033208+06:00" endTime="2016-08-23T17:01:38.7953432+06:00" testType="13cdc9d9-ddb5-4fa4-a97d-d965ccfc6d4b" outcome="Failed" testListId="8c84fa94-04c1-424b-9868-57a2d4851a1d" relativeResultsDirectory="9b029306-34a7-4401-8353-66d8bf81d899">
      <Output>
        <ErrorInfo>
          <Message>Ошибка в Assert.AreEqual. Ожидается: &lt;Joe&gt;. Фактически: &lt;Yelaman&gt;. </Message>
          <StackTrace>   в TestingDemo.AdminControllerTests.CanChangeLoginName() в C:\Users\Еламан\Documents\Visual Studio 2010\Projects\GameStore\TestingDemo\TestingDemo\AdminControllerTests.cs:строка 26
</StackTrace>
        </ErrorInfo>
      </Output>
    </UnitTestResult>
  </Results>
</TestRun>