<?xml version="1.0" encoding="UTF-8"?>
<TestRun id="949dbd58-65ef-46d0-8bdc-25e672c942d7" name="Еламан@YELAMAN 2016-08-23 17:01:30" runUser="Yelaman\Еламан" xmlns="http://microsoft.com/schemas/VisualStudio/TeamTest/2010">
  <TestSettings name="Локальные" id="d2efc63d-66ec-40bb-b0db-85bac1ca0f2e">
    <Description>Это - параметры по умолчанию для локального тестового запуска.</Description>
    <Deployment enabled="false" runDeploymentRoot="Еламан_YELAMAN 2016-08-23 17_01_30" />
    <Execution>
      <TestTypeSpecific />
      <AgentRule name="Execution Agents">
      </AgentRule>
    </Execution>
  </TestSettings>
  <Times creation="2016-08-23T17:01:30.7848850+06:00" queuing="2016-08-23T17:01:30.7848850+06:00" start="2016-08-23T17:01:30.7848850+06:00" finish="2016-08-23T17:01:33.3030290+06:00" />
  <ResultSummary outcome="Error">
    <Counters total="1" error="0" failed="0" timeout="0" aborted="0" inconclusive="0" passedButRunAborted="0" notRunnable="0" notExecuted="1" disconnected="0" warning="0" passed="0" completed="0" inProgress="0" pending="0" />
    <RunInfos>
      <RunInfo computerName="YELAMAN" outcome="Error" timestamp="2016-08-23T17:01:33.2250246+06:00">
        <Text>Неожиданный выход из тестового хост-процесса.</Text>
      </RunInfo>
      <RunInfo computerName="YELAMAN" outcome="Error" timestamp="2016-08-23T17:01:33.3030290+06:00">
        <Text>Не удалось поставить в очередь тестовый запуск "Еламан@YELAMAN 2016-08-23 17:01:30": Не удалось запустить процесс агента. </Text>
        <Exception>Microsoft.VisualStudio.TestTools.Exceptions.EqtException: Не удалось запустить процесс агента. 
   в Microsoft.VisualStudio.TestTools.Agent.AgentProcessManager.HandleCannotStartAgentProcessError(Exception ex)
   в Microsoft.VisualStudio.TestTools.Agent.AgentProcessManager.HandleCannotStartAgentProcessError()
   в Microsoft.VisualStudio.TestTools.Agent.OutOfProcessStrategy.StartAgentProcess(AgentProcessStartupInfo agentProcessStartupInfo, Boolean restarting)
   в Microsoft.VisualStudio.TestTools.Agent.OutOfProcessStrategy.StartAgentProcess(AgentProcessStartupInfo agentProcessStartupInfo)
   в Microsoft.VisualStudio.TestTools.Agent.AgentProxy.StartAgentProcess(AgentProcessStartupInfo agentProcessStartupInfo)
   в Microsoft.VisualStudio.TestTools.Agent.AgentProcessProxyManager.StartTestAgentProcesses(AgentProcessStartupInfo agentProcessStartupInfo)
   в Microsoft.VisualStudio.TestTools.Agent.AgentProcessManager.StartAgentProcess(AgentProcessStartupInfo agentProcessStartupInfo, Boolean startDataCollectionAgent)
   в Microsoft.VisualStudio.TestTools.Agent.AgentProcessManager.StartAgentProcess(AgentProcessStartupInfo agentProcessStartupInfo, TestRunConfiguration testRunConfiguration)
   в Microsoft.VisualStudio.TestTools.TestManagement.LocalControllerProxy.StartProcess(TestRun run)
   в Microsoft.VisualStudio.TestTools.TestManagement.LocalControllerProxy.PrepareProcess(TestRun run)
   в Microsoft.VisualStudio.TestTools.TestManagement.LocalControllerProxy.InitializeController(TestRun run)
   в Microsoft.VisualStudio.TestTools.TestManagement.ControllerProxy.QueueTestRunWorker(Object state)</Exception>
      </RunInfo>
    </RunInfos>
  </ResultSummary>
  <TestDefinitions>
    <UnitTest name="CanChangeLoginName" storage="c:\users\еламан\documents\visual studio 2010\projects\gamestore\testingdemo\testingdemo\bin\debug\testingdemo.dll" id="6e04680b-98ee-4548-17c0-8d7e32fdff10">
      <Execution id="9b78afcc-4887-4bac-ae3e-692af7069092" />
      <TestMethod codeBase="C:/Users/Еламан/Documents/Visual Studio 2010/Projects/GameStore/TestingDemo/TestingDemo/bin/Debug/TestingDemo.DLL" adapterTypeName="Microsoft.VisualStudio.TestTools.TestTypes.Unit.UnitTestAdapter, Microsoft.VisualStudio.QualityTools.Tips.UnitTest.Adapter, Version=10.0.0.0, Culture=neutral, PublicKeyToken=b03f5f7f11d50a3a" className="TestingDemo.AdminControllerTests, TestingDemo, Version=1.0.0.0, Culture=neutral, PublicKeyToken=null" name="CanChangeLoginName" />
    </UnitTest>
  </TestDefinitions>
  <TestLists>
    <TestList name="Отсутствующие в списке результаты" id="8c84fa94-04c1-424b-9868-57a2d4851a1d" />
    <TestList name="Все загруженные результаты" id="19431567-8539-422a-85d7-44ee4e166bda" />
  </TestLists>
  <TestEntries>
    <TestEntry testId="6e04680b-98ee-4548-17c0-8d7e32fdff10" executionId="9b78afcc-4887-4bac-ae3e-692af7069092" testListId="8c84fa94-04c1-424b-9868-57a2d4851a1d" />
  </TestEntries>
  <Results>
    <UnitTestResult executionId="9b78afcc-4887-4bac-ae3e-692af7069092" testId="6e04680b-98ee-4548-17c0-8d7e32fdff10" testName="CanChangeLoginName" computerName="YELAMAN" testType="13cdc9d9-ddb5-4fa4-a97d-d965ccfc6d4b" outcome="NotExecuted" testListId="8c84fa94-04c1-424b-9868-57a2d4851a1d" relativeResultsDirectory="9b78afcc-4887-4bac-ae3e-692af7069092">
    </UnitTestResult>
  </Results>
</TestRun>