<?xml version="1.0" encoding="UTF-8"?>
<TestRun id="1462c673-abc4-4ba5-a04d-d46e6a34122f" name="Еламан@YELAMAN 2016-08-30 00:34:26" runUser="Yelaman\Еламан" xmlns="http://microsoft.com/schemas/VisualStudio/TeamTest/2010">
  <TestSettings name="Локальные" id="0a2bf3eb-2d22-4aeb-8e8a-f5e1b00992af">
    <Description>Это - параметры по умолчанию для локального тестового запуска.</Description>
    <Deployment enabled="false" runDeploymentRoot="Еламан_YELAMAN 2016-08-30 00_34_26">
      <DeploymentItem filename="C:\Users\Еламан\documents\visual studio 2010\Projects\GameStore\packages\Moq.4.1.1309.1617\lib\net40\Moq.dll" />
      <DeploymentItem filename="C:\Users\Еламан\documents\visual studio 2010\Projects\GameStore\GameStore.Domain\bin\Debug\GameStore.Domain.dll" />
      <DeploymentItem filename="C:\Users\Еламан\documents\visual studio 2010\Projects\GameStore\packages\Ninject.Web.Common.3.0.0.7\lib\net40-full\Ninject.Web.Common.dll" />
      <DeploymentItem filename="C:\Users\Еламан\documents\visual studio 2010\Projects\GameStore\packages\Microsoft.AspNet.Mvc.4.0.20710.0\lib\net40\System.Web.Mvc.dll" />
      <DeploymentItem filename="C:\Users\Еламан\documents\visual studio 2010\Projects\GameStore\packages\Microsoft.AspNet.WebPages.2.0.30506.0\lib\net40\System.Web.WebPages.Razor.dll" />
      <DeploymentItem filename="C:\Users\Еламан\documents\visual studio 2010\Projects\GameStore\GameStore.WebUI\bin\GameStore.WebUI.dll" />
      <DeploymentItem filename="C:\Users\Еламан\documents\visual studio 2010\Projects\GameStore\packages\Ninject.MVC3.3.0.0.6\lib\net40-full\Ninject.Web.Mvc.dll" />
      <DeploymentItem filename="C:\Users\Еламан\documents\visual studio 2010\Projects\GameStore\packages\Microsoft.AspNet.WebPages.2.0.30506.0\lib\net40\System.Web.WebPages.Deployment.dll" />
      <DeploymentItem filename="C:\Users\Еламан\documents\visual studio 2010\Projects\GameStore\packages\WebActivator.1.5.3\lib\net40\WebActivator.dll" />
      <DeploymentItem filename="C:\Users\Еламан\documents\visual studio 2010\Projects\GameStore\packages\Microsoft.AspNet.WebPages.2.0.30506.0\lib\net40\System.Web.Helpers.dll" />
      <DeploymentItem filename="C:\Users\Еламан\documents\visual studio 2010\Projects\GameStore\packages\Microsoft.AspNet.Razor.2.0.30506.0\lib\net40\System.Web.Razor.dll" />
      <DeploymentItem filename="C:\Users\Еламан\documents\visual studio 2010\Projects\GameStore\packages\Ninject.3.0.1.10\lib\net40\Ninject.dll" />
      <DeploymentItem filename="C:\Users\Еламан\documents\visual studio 2010\Projects\GameStore\packages\Microsoft.Web.Infrastructure.1.0.0.0\lib\net40\Microsoft.Web.Infrastructure.dll" />
      <DeploymentItem filename="C:\Users\Еламан\documents\visual studio 2010\Projects\GameStore\packages\Microsoft.AspNet.WebPages.2.0.30506.0\lib\net40\System.Web.WebPages.dll" />
    </Deployment>
    <Execution>
      <TestTypeSpecific />
      <AgentRule name="Execution Agents">
      </AgentRule>
    </Execution>
  </TestSettings>
  <Times creation="2016-08-30T00:34:26.0669884+06:00" queuing="2016-08-30T00:34:26.1369924+06:00" start="2016-08-30T00:34:26.1669941+06:00" finish="2016-08-30T00:34:26.7680285+06:00" />
  <ResultSummary outcome="Failed">
    <Counters total="4" executed="4" passed="3" error="0" failed="1" timeout="0" aborted="0" inconclusive="0" passedButRunAborted="0" notRunnable="0" notExecuted="0" disconnected="0" warning="0" completed="0" inProgress="0" pending="0" />
  </ResultSummary>
  <TestDefinitions>
    <UnitTest name="Can_Send_Pagination_View_Model" storage="c:\users\еламан\documents\visual studio 2010\projects\gamestore\gamestore.unittests\bin\debug\gamestore.unittests.dll" id="b142008b-1c74-0a07-8c5f-1a5ba4597db9">
      <Execution id="c376f448-1d19-40de-9149-b1ded09c57ed" />
      <TestMethod codeBase="C:/Users/Еламан/documents/visual studio 2010/Projects/GameStore/GameStore.UnitTests/bin/Debug/GameStore.UnitTests.DLL" adapterTypeName="Microsoft.VisualStudio.TestTools.TestTypes.Unit.UnitTestAdapter, Microsoft.VisualStudio.QualityTools.Tips.UnitTest.Adapter, Version=10.0.0.0, Culture=neutral, PublicKeyToken=b03f5f7f11d50a3a" className="GameStore.UnitTests.UnitTest1, GameStore.UnitTests, Version=1.0.0.0, Culture=neutral, PublicKeyToken=null" name="Can_Send_Pagination_View_Model" />
    </UnitTest>
    <UnitTest name="Can_Paginate" storage="c:\users\еламан\documents\visual studio 2010\projects\gamestore\gamestore.unittests\bin\debug\gamestore.unittests.dll" id="152d80c6-e548-6975-32ff-526eac72799d">
      <Execution id="09f5afac-3e52-4b1b-a0ce-115925a4aa49" />
      <TestMethod codeBase="C:/Users/Еламан/documents/visual studio 2010/Projects/GameStore/GameStore.UnitTests/bin/Debug/GameStore.UnitTests.DLL" adapterTypeName="Microsoft.VisualStudio.TestTools.TestTypes.Unit.UnitTestAdapter, Microsoft.VisualStudio.QualityTools.Tips.UnitTest.Adapter, Version=10.0.0.0, Culture=neutral, PublicKeyToken=b03f5f7f11d50a3a" className="GameStore.UnitTests.UnitTest1, GameStore.UnitTests, Version=1.0.0.0, Culture=neutral, PublicKeyToken=null" name="Can_Paginate" />
    </UnitTest>
    <UnitTest name="Can_Filter_Games" storage="c:\users\еламан\documents\visual studio 2010\projects\gamestore\gamestore.unittests\bin\debug\gamestore.unittests.dll" id="4ed91e91-ba98-8123-d5cf-75198368b49a">
      <Execution id="b74fa95c-bcec-423d-81c8-e11bfdeac40c" />
      <TestMethod codeBase="C:/Users/Еламан/documents/visual studio 2010/Projects/GameStore/GameStore.UnitTests/bin/Debug/GameStore.UnitTests.DLL" adapterTypeName="Microsoft.VisualStudio.TestTools.TestTypes.Unit.UnitTestAdapter, Microsoft.VisualStudio.QualityTools.Tips.UnitTest.Adapter, Version=10.0.0.0, Culture=neutral, PublicKeyToken=b03f5f7f11d50a3a" className="GameStore.UnitTests.UnitTest1, GameStore.UnitTests, Version=1.0.0.0, Culture=neutral, PublicKeyToken=null" name="Can_Filter_Games" />
    </UnitTest>
    <UnitTest name="Can_Generate_Page_Links" storage="c:\users\еламан\documents\visual studio 2010\projects\gamestore\gamestore.unittests\bin\debug\gamestore.unittests.dll" id="6b603043-6690-9ebb-29ee-c7d8d1fa2129">
      <Execution id="378ca04c-678a-496d-8aa9-c8a9a2fa624b" />
      <TestMethod codeBase="C:/Users/Еламан/documents/visual studio 2010/Projects/GameStore/GameStore.UnitTests/bin/Debug/GameStore.UnitTests.DLL" adapterTypeName="Microsoft.VisualStudio.TestTools.TestTypes.Unit.UnitTestAdapter, Microsoft.VisualStudio.QualityTools.Tips.UnitTest.Adapter, Version=10.0.0.0, Culture=neutral, PublicKeyToken=b03f5f7f11d50a3a" className="GameStore.UnitTests.UnitTest1, GameStore.UnitTests, Version=1.0.0.0, Culture=neutral, PublicKeyToken=null" name="Can_Generate_Page_Links" />
    </UnitTest>
  </TestDefinitions>
  <TestLists>
    <TestList name="Отсутствующие в списке результаты" id="8c84fa94-04c1-424b-9868-57a2d4851a1d" />
    <TestList name="Все загруженные результаты" id="19431567-8539-422a-85d7-44ee4e166bda" />
  </TestLists>
  <TestEntries>
    <TestEntry testId="152d80c6-e548-6975-32ff-526eac72799d" executionId="09f5afac-3e52-4b1b-a0ce-115925a4aa49" testListId="8c84fa94-04c1-424b-9868-57a2d4851a1d" />
    <TestEntry testId="4ed91e91-ba98-8123-d5cf-75198368b49a" executionId="b74fa95c-bcec-423d-81c8-e11bfdeac40c" testListId="8c84fa94-04c1-424b-9868-57a2d4851a1d" />
    <TestEntry testId="6b603043-6690-9ebb-29ee-c7d8d1fa2129" executionId="378ca04c-678a-496d-8aa9-c8a9a2fa624b" testListId="8c84fa94-04c1-424b-9868-57a2d4851a1d" />
    <TestEntry testId="b142008b-1c74-0a07-8c5f-1a5ba4597db9" executionId="c376f448-1d19-40de-9149-b1ded09c57ed" testListId="8c84fa94-04c1-424b-9868-57a2d4851a1d" />
  </TestEntries>
  <Results>
    <UnitTestResult executionId="09f5afac-3e52-4b1b-a0ce-115925a4aa49" testId="152d80c6-e548-6975-32ff-526eac72799d" testName="Can_Paginate" computerName="YELAMAN" duration="00:00:00.2035847" startTime="2016-08-30T00:34:26.1839951+06:00" endTime="2016-08-30T00:34:26.5740174+06:00" testType="13cdc9d9-ddb5-4fa4-a97d-d965ccfc6d4b" outcome="Passed" testListId="8c84fa94-04c1-424b-9868-57a2d4851a1d" relativeResultsDirectory="09f5afac-3e52-4b1b-a0ce-115925a4aa49">
    </UnitTestResult>
    <UnitTestResult executionId="b74fa95c-bcec-423d-81c8-e11bfdeac40c" testId="4ed91e91-ba98-8123-d5cf-75198368b49a" testName="Can_Filter_Games" computerName="YELAMAN" duration="00:00:00.0273574" startTime="2016-08-30T00:34:26.5750174+06:00" endTime="2016-08-30T00:34:26.6080193+06:00" testType="13cdc9d9-ddb5-4fa4-a97d-d965ccfc6d4b" outcome="Failed" testListId="8c84fa94-04c1-424b-9868-57a2d4851a1d" relativeResultsDirectory="b74fa95c-bcec-423d-81c8-e11bfdeac40c">
      <Output>
        <ErrorInfo>
          <Message>Ошибка в Assert.AreEqual. Ожидается: &lt;1&gt;. Фактически: &lt;2&gt;. </Message>
          <StackTrace>   в GameStore.UnitTests.UnitTest1.Can_Filter_Games() в C:\Users\Еламан\documents\visual studio 2010\Projects\GameStore\GameStore.UnitTests\UnitTest1.cs:строка 121
</StackTrace>
        </ErrorInfo>
      </Output>
    </UnitTestResult>
    <UnitTestResult executionId="378ca04c-678a-496d-8aa9-c8a9a2fa624b" testId="6b603043-6690-9ebb-29ee-c7d8d1fa2129" testName="Can_Generate_Page_Links" computerName="YELAMAN" duration="00:00:00.0029939" startTime="2016-08-30T00:34:26.6100194+06:00" endTime="2016-08-30T00:34:26.6160198+06:00" testType="13cdc9d9-ddb5-4fa4-a97d-d965ccfc6d4b" outcome="Passed" testListId="8c84fa94-04c1-424b-9868-57a2d4851a1d" relativeResultsDirectory="378ca04c-678a-496d-8aa9-c8a9a2fa624b">
    </UnitTestResult>
    <UnitTestResult executionId="c376f448-1d19-40de-9149-b1ded09c57ed" testId="b142008b-1c74-0a07-8c5f-1a5ba4597db9" testName="Can_Send_Pagination_View_Model" computerName="YELAMAN" duration="00:00:00.0014237" startTime="2016-08-30T00:34:26.6170198+06:00" endTime="2016-08-30T00:34:26.6200200+06:00" testType="13cdc9d9-ddb5-4fa4-a97d-d965ccfc6d4b" outcome="Passed" testListId="8c84fa94-04c1-424b-9868-57a2d4851a1d" relativeResultsDirectory="c376f448-1d19-40de-9149-b1ded09c57ed">
    </UnitTestResult>
  </Results>
</TestRun>