<?xml version="1.0" encoding="UTF-8"?>
<TestRun id="9de0f9f4-420a-4dbe-ad51-a7502ad80b3a" name="Еламан@YELAMAN 2016-09-02 19:25:17" runUser="Yelaman\Еламан" xmlns="http://microsoft.com/schemas/VisualStudio/TeamTest/2010">
  <TestSettings name="Локальные" id="0a2bf3eb-2d22-4aeb-8e8a-f5e1b00992af">
    <Description>Это - параметры по умолчанию для локального тестового запуска.</Description>
    <Deployment enabled="false" runDeploymentRoot="Еламан_YELAMAN 2016-09-02 19_25_17">
      <DeploymentItem filename="C:\Users\Еламан\documents\visual studio 2010\Projects\GameStore\packages\Moq.4.1.1309.1617\lib\net40\Moq.dll" />
      <DeploymentItem filename="C:\Users\Еламан\documents\visual studio 2010\Projects\GameStore\GameStore.Domain\bin\Debug\GameStore.Domain.dll" />
      <DeploymentItem filename="C:\Users\Еламан\documents\visual studio 2010\Projects\GameStore\packages\Ninject.Web.Common.3.0.0.7\lib\net40-full\Ninject.Web.Common.dll" />
      <DeploymentItem filename="C:\Users\Еламан\documents\visual studio 2010\Projects\GameStore\packages\Microsoft.AspNet.Mvc.4.0.20710.0\lib\net40\System.Web.Mvc.dll" />
      <DeploymentItem filename="C:\Users\Еламан\documents\visual studio 2010\Projects\GameStore\packages\Microsoft.AspNet.WebPages.2.0.30506.0\lib\net40\System.Web.WebPages.Razor.dll" />
      <DeploymentItem filename="C:\Users\Еламан\documents\visual studio 2010\Projects\GameStore\GameStore.WebUI\bin\GameStore.WebUI.dll" />
      <DeploymentItem filename="C:\Users\Еламан\documents\visual studio 2010\Projects\GameStore\packages\Ninject.MVC3.3.0.0.6\lib\net40-full\Ninject.Web.Mvc.dll" />
      <DeploymentItem filename="C:\Users\Еламан\documents\visual studio 2010\Projects\GameStore\packages\Microsoft.AspNet.WebPages.2.0.30506.0\lib\net40\System.Web.WebPages.Deployment.dll" />
      <DeploymentItem filename="C:\Users\Еламан\documents\visual studio 2010\Projects\GameStore\packages\WebActivator.1.5.3\lib\net40\WebActivator.dll" />
      <DeploymentItem filename="C:\Users\Еламан\documents\visual studio 2010\Projects\GameStore\packages\Microsoft.AspNet.WebPages.2.0.30506.0\lib\net40\System.Web.Helpers.dll" />
      <DeploymentItem filename="C:\Users\Еламан\documents\visual studio 2010\Projects\GameStore\packages\Microsoft.AspNet.Razor.2.0.30506.0\lib\net40\System.Web.Razor.dll" />
      <DeploymentItem filename="C:\Users\Еламан\documents\visual studio 2010\Projects\GameStore\packages\Ninject.3.0.1.10\lib\net40\Ninject.dll" />
      <DeploymentItem filename="C:\Users\Еламан\documents\visual studio 2010\Projects\GameStore\packages\Microsoft.Web.Infrastructure.1.0.0.0\lib\net40\Microsoft.Web.Infrastructure.dll" />
      <DeploymentItem filename="C:\Users\Еламан\documents\visual studio 2010\Projects\GameStore\packages\Microsoft.AspNet.WebPages.2.0.30506.0\lib\net40\System.Web.WebPages.dll" />
    </Deployment>
    <Execution>
      <TestTypeSpecific />
      <AgentRule name="Execution Agents">
      </AgentRule>
    </Execution>
  </TestSettings>
  <Times creation="2016-09-02T19:25:17.8378121+06:00" queuing="2016-09-02T19:25:19.3348977+06:00" start="2016-09-02T19:25:19.3849006+06:00" finish="2016-09-02T19:25:19.9249315+06:00" />
  <ResultSummary outcome="Completed">
    <Counters total="12" executed="12" passed="12" error="0" failed="0" timeout="0" aborted="0" inconclusive="0" passedButRunAborted="0" notRunnable="0" notExecuted="0" disconnected="0" warning="0" completed="0" inProgress="0" pending="0" />
  </ResultSummary>
  <TestDefinitions>
    <UnitTest name="Indicates_Selected_Category" storage="c:\users\еламан\documents\visual studio 2010\projects\gamestore\gamestore.unittests\bin\debug\gamestore.unittests.dll" id="04ef04bc-e56d-1246-2057-5651d8144123">
      <Execution id="6c3698c5-93a3-41ca-a226-6384906751f8" />
      <TestMethod codeBase="C:/Users/Еламан/documents/visual studio 2010/Projects/GameStore/GameStore.UnitTests/bin/Debug/GameStore.UnitTests.DLL" adapterTypeName="Microsoft.VisualStudio.TestTools.TestTypes.Unit.UnitTestAdapter, Microsoft.VisualStudio.QualityTools.Tips.UnitTest.Adapter, Version=10.0.0.0, Culture=neutral, PublicKeyToken=b03f5f7f11d50a3a" className="GameStore.UnitTests.UnitTest1, GameStore.UnitTests, Version=1.0.0.0, Culture=neutral, PublicKeyToken=null" name="Indicates_Selected_Category" />
    </UnitTest>
    <UnitTest name="Can_Clear_Contents" storage="c:\users\еламан\documents\visual studio 2010\projects\gamestore\gamestore.unittests\bin\debug\gamestore.unittests.dll" id="b11a8146-e8ac-0c3d-a270-8c83fc827046">
      <Execution id="2751375a-1f8a-4484-b427-ff9e817d684c" />
      <TestMethod codeBase="C:/Users/Еламан/documents/visual studio 2010/Projects/GameStore/GameStore.UnitTests/bin/Debug/GameStore.UnitTests.DLL" adapterTypeName="Microsoft.VisualStudio.TestTools.TestTypes.Unit.UnitTestAdapter, Microsoft.VisualStudio.QualityTools.Tips.UnitTest.Adapter, Version=10.0.0.0, Culture=neutral, PublicKeyToken=b03f5f7f11d50a3a" className="GameStore.UnitTests.CartTests, GameStore.UnitTests, Version=1.0.0.0, Culture=neutral, PublicKeyToken=null" name="Can_Clear_Contents" />
    </UnitTest>
    <UnitTest name="Calculate_Cart_Total" storage="c:\users\еламан\documents\visual studio 2010\projects\gamestore\gamestore.unittests\bin\debug\gamestore.unittests.dll" id="77126ac4-a0ad-cef9-f890-c950e0427319">
      <Execution id="82207ef3-34d7-40d7-8279-061393db0abd" />
      <TestMethod codeBase="C:/Users/Еламан/documents/visual studio 2010/Projects/GameStore/GameStore.UnitTests/bin/Debug/GameStore.UnitTests.DLL" adapterTypeName="Microsoft.VisualStudio.TestTools.TestTypes.Unit.UnitTestAdapter, Microsoft.VisualStudio.QualityTools.Tips.UnitTest.Adapter, Version=10.0.0.0, Culture=neutral, PublicKeyToken=b03f5f7f11d50a3a" className="GameStore.UnitTests.CartTests, GameStore.UnitTests, Version=1.0.0.0, Culture=neutral, PublicKeyToken=null" name="Calculate_Cart_Total" />
    </UnitTest>
    <UnitTest name="Can_Remove_Line" storage="c:\users\еламан\documents\visual studio 2010\projects\gamestore\gamestore.unittests\bin\debug\gamestore.unittests.dll" id="65a3b945-5550-2539-a824-1449c94b8349">
      <Execution id="11fb4ee9-168b-4e1a-ac32-7d3cac24247c" />
      <TestMethod codeBase="C:/Users/Еламан/documents/visual studio 2010/Projects/GameStore/GameStore.UnitTests/bin/Debug/GameStore.UnitTests.DLL" adapterTypeName="Microsoft.VisualStudio.TestTools.TestTypes.Unit.UnitTestAdapter, Microsoft.VisualStudio.QualityTools.Tips.UnitTest.Adapter, Version=10.0.0.0, Culture=neutral, PublicKeyToken=b03f5f7f11d50a3a" className="GameStore.UnitTests.CartTests, GameStore.UnitTests, Version=1.0.0.0, Culture=neutral, PublicKeyToken=null" name="Can_Remove_Line" />
    </UnitTest>
    <UnitTest name="Can_Filter_Games" storage="c:\users\еламан\documents\visual studio 2010\projects\gamestore\gamestore.unittests\bin\debug\gamestore.unittests.dll" id="4ed91e91-ba98-8123-d5cf-75198368b49a">
      <Execution id="b0ea5a02-3ccc-429b-897b-a3e62aec30f0" />
      <TestMethod codeBase="C:/Users/Еламан/documents/visual studio 2010/Projects/GameStore/GameStore.UnitTests/bin/Debug/GameStore.UnitTests.DLL" adapterTypeName="Microsoft.VisualStudio.TestTools.TestTypes.Unit.UnitTestAdapter, Microsoft.VisualStudio.QualityTools.Tips.UnitTest.Adapter, Version=10.0.0.0, Culture=neutral, PublicKeyToken=b03f5f7f11d50a3a" className="GameStore.UnitTests.UnitTest1, GameStore.UnitTests, Version=1.0.0.0, Culture=neutral, PublicKeyToken=null" name="Can_Filter_Games" />
    </UnitTest>
    <UnitTest name="Can_Create_Categories" storage="c:\users\еламан\documents\visual studio 2010\projects\gamestore\gamestore.unittests\bin\debug\gamestore.unittests.dll" id="df04eb1a-5f46-c40f-ec5d-af6c795c7543">
      <Execution id="78fa0611-193a-4a02-b2ea-9f2dde06d50f" />
      <TestMethod codeBase="C:/Users/Еламан/documents/visual studio 2010/Projects/GameStore/GameStore.UnitTests/bin/Debug/GameStore.UnitTests.DLL" adapterTypeName="Microsoft.VisualStudio.TestTools.TestTypes.Unit.UnitTestAdapter, Microsoft.VisualStudio.QualityTools.Tips.UnitTest.Adapter, Version=10.0.0.0, Culture=neutral, PublicKeyToken=b03f5f7f11d50a3a" className="GameStore.UnitTests.UnitTest1, GameStore.UnitTests, Version=1.0.0.0, Culture=neutral, PublicKeyToken=null" name="Can_Create_Categories" />
    </UnitTest>
    <UnitTest name="Can_Paginate" storage="c:\users\еламан\documents\visual studio 2010\projects\gamestore\gamestore.unittests\bin\debug\gamestore.unittests.dll" id="152d80c6-e548-6975-32ff-526eac72799d">
      <Execution id="b17963f6-119b-4ddc-b5ef-0c272c68e711" />
      <TestMethod codeBase="C:/Users/Еламан/documents/visual studio 2010/Projects/GameStore/GameStore.UnitTests/bin/Debug/GameStore.UnitTests.DLL" adapterTypeName="Microsoft.VisualStudio.TestTools.TestTypes.Unit.UnitTestAdapter, Microsoft.VisualStudio.QualityTools.Tips.UnitTest.Adapter, Version=10.0.0.0, Culture=neutral, PublicKeyToken=b03f5f7f11d50a3a" className="GameStore.UnitTests.UnitTest1, GameStore.UnitTests, Version=1.0.0.0, Culture=neutral, PublicKeyToken=null" name="Can_Paginate" />
    </UnitTest>
    <UnitTest name="Generate_Category_Specific_Game_Count" storage="c:\users\еламан\documents\visual studio 2010\projects\gamestore\gamestore.unittests\bin\debug\gamestore.unittests.dll" id="6f148397-cdda-1699-0e91-5a93557bc4fa">
      <Execution id="9583083a-3997-4733-bb1e-965f4ef37428" />
      <TestMethod codeBase="C:/Users/Еламан/documents/visual studio 2010/Projects/GameStore/GameStore.UnitTests/bin/Debug/GameStore.UnitTests.DLL" adapterTypeName="Microsoft.VisualStudio.TestTools.TestTypes.Unit.UnitTestAdapter, Microsoft.VisualStudio.QualityTools.Tips.UnitTest.Adapter, Version=10.0.0.0, Culture=neutral, PublicKeyToken=b03f5f7f11d50a3a" className="GameStore.UnitTests.UnitTest1, GameStore.UnitTests, Version=1.0.0.0, Culture=neutral, PublicKeyToken=null" name="Generate_Category_Specific_Game_Count" />
    </UnitTest>
    <UnitTest name="Can_Add_New_Lines" storage="c:\users\еламан\documents\visual studio 2010\projects\gamestore\gamestore.unittests\bin\debug\gamestore.unittests.dll" id="4b11be1e-0147-6757-ed88-c3ca120b8393">
      <Execution id="9b91eb65-6ef8-45f6-9744-668f36583247" />
      <TestMethod codeBase="C:/Users/Еламан/documents/visual studio 2010/Projects/GameStore/GameStore.UnitTests/bin/Debug/GameStore.UnitTests.DLL" adapterTypeName="Microsoft.VisualStudio.TestTools.TestTypes.Unit.UnitTestAdapter, Microsoft.VisualStudio.QualityTools.Tips.UnitTest.Adapter, Version=10.0.0.0, Culture=neutral, PublicKeyToken=b03f5f7f11d50a3a" className="GameStore.UnitTests.CartTests, GameStore.UnitTests, Version=1.0.0.0, Culture=neutral, PublicKeyToken=null" name="Can_Add_New_Lines" />
    </UnitTest>
    <UnitTest name="Can_Send_Pagination_View_Model" storage="c:\users\еламан\documents\visual studio 2010\projects\gamestore\gamestore.unittests\bin\debug\gamestore.unittests.dll" id="b142008b-1c74-0a07-8c5f-1a5ba4597db9">
      <Execution id="c79f92ec-e49e-41ba-8fcc-d4f911f76868" />
      <TestMethod codeBase="C:/Users/Еламан/documents/visual studio 2010/Projects/GameStore/GameStore.UnitTests/bin/Debug/GameStore.UnitTests.DLL" adapterTypeName="Microsoft.VisualStudio.TestTools.TestTypes.Unit.UnitTestAdapter, Microsoft.VisualStudio.QualityTools.Tips.UnitTest.Adapter, Version=10.0.0.0, Culture=neutral, PublicKeyToken=b03f5f7f11d50a3a" className="GameStore.UnitTests.UnitTest1, GameStore.UnitTests, Version=1.0.0.0, Culture=neutral, PublicKeyToken=null" name="Can_Send_Pagination_View_Model" />
    </UnitTest>
    <UnitTest name="Can_Add_Quantity_For_Existing_Lines" storage="c:\users\еламан\documents\visual studio 2010\projects\gamestore\gamestore.unittests\bin\debug\gamestore.unittests.dll" id="c3d0a665-2a02-f636-c9c4-8886672f1f44">
      <Execution id="752955f2-93fb-458a-8079-9768210e73c4" />
      <TestMethod codeBase="C:/Users/Еламан/documents/visual studio 2010/Projects/GameStore/GameStore.UnitTests/bin/Debug/GameStore.UnitTests.DLL" adapterTypeName="Microsoft.VisualStudio.TestTools.TestTypes.Unit.UnitTestAdapter, Microsoft.VisualStudio.QualityTools.Tips.UnitTest.Adapter, Version=10.0.0.0, Culture=neutral, PublicKeyToken=b03f5f7f11d50a3a" className="GameStore.UnitTests.CartTests, GameStore.UnitTests, Version=1.0.0.0, Culture=neutral, PublicKeyToken=null" name="Can_Add_Quantity_For_Existing_Lines" />
    </UnitTest>
    <UnitTest name="Can_Generate_Page_Links" storage="c:\users\еламан\documents\visual studio 2010\projects\gamestore\gamestore.unittests\bin\debug\gamestore.unittests.dll" id="6b603043-6690-9ebb-29ee-c7d8d1fa2129">
      <Execution id="0ec24dd0-53e4-44f5-aa78-52fdc540d5b0" />
      <TestMethod codeBase="C:/Users/Еламан/documents/visual studio 2010/Projects/GameStore/GameStore.UnitTests/bin/Debug/GameStore.UnitTests.DLL" adapterTypeName="Microsoft.VisualStudio.TestTools.TestTypes.Unit.UnitTestAdapter, Microsoft.VisualStudio.QualityTools.Tips.UnitTest.Adapter, Version=10.0.0.0, Culture=neutral, PublicKeyToken=b03f5f7f11d50a3a" className="GameStore.UnitTests.UnitTest1, GameStore.UnitTests, Version=1.0.0.0, Culture=neutral, PublicKeyToken=null" name="Can_Generate_Page_Links" />
    </UnitTest>
  </TestDefinitions>
  <TestLists>
    <TestList name="Отсутствующие в списке результаты" id="8c84fa94-04c1-424b-9868-57a2d4851a1d" />
    <TestList name="Все загруженные результаты" id="19431567-8539-422a-85d7-44ee4e166bda" />
  </TestLists>
  <TestEntries>
    <TestEntry testId="04ef04bc-e56d-1246-2057-5651d8144123" executionId="6c3698c5-93a3-41ca-a226-6384906751f8" testListId="8c84fa94-04c1-424b-9868-57a2d4851a1d" />
    <TestEntry testId="152d80c6-e548-6975-32ff-526eac72799d" executionId="b17963f6-119b-4ddc-b5ef-0c272c68e711" testListId="8c84fa94-04c1-424b-9868-57a2d4851a1d" />
    <TestEntry testId="4b11be1e-0147-6757-ed88-c3ca120b8393" executionId="9b91eb65-6ef8-45f6-9744-668f36583247" testListId="8c84fa94-04c1-424b-9868-57a2d4851a1d" />
    <TestEntry testId="4ed91e91-ba98-8123-d5cf-75198368b49a" executionId="b0ea5a02-3ccc-429b-897b-a3e62aec30f0" testListId="8c84fa94-04c1-424b-9868-57a2d4851a1d" />
    <TestEntry testId="65a3b945-5550-2539-a824-1449c94b8349" executionId="11fb4ee9-168b-4e1a-ac32-7d3cac24247c" testListId="8c84fa94-04c1-424b-9868-57a2d4851a1d" />
    <TestEntry testId="6b603043-6690-9ebb-29ee-c7d8d1fa2129" executionId="0ec24dd0-53e4-44f5-aa78-52fdc540d5b0" testListId="8c84fa94-04c1-424b-9868-57a2d4851a1d" />
    <TestEntry testId="6f148397-cdda-1699-0e91-5a93557bc4fa" executionId="9583083a-3997-4733-bb1e-965f4ef37428" testListId="8c84fa94-04c1-424b-9868-57a2d4851a1d" />
    <TestEntry testId="77126ac4-a0ad-cef9-f890-c950e0427319" executionId="82207ef3-34d7-40d7-8279-061393db0abd" testListId="8c84fa94-04c1-424b-9868-57a2d4851a1d" />
    <TestEntry testId="b11a8146-e8ac-0c3d-a270-8c83fc827046" executionId="2751375a-1f8a-4484-b427-ff9e817d684c" testListId="8c84fa94-04c1-424b-9868-57a2d4851a1d" />
    <TestEntry testId="b142008b-1c74-0a07-8c5f-1a5ba4597db9" executionId="c79f92ec-e49e-41ba-8fcc-d4f911f76868" testListId="8c84fa94-04c1-424b-9868-57a2d4851a1d" />
    <TestEntry testId="c3d0a665-2a02-f636-c9c4-8886672f1f44" executionId="752955f2-93fb-458a-8079-9768210e73c4" testListId="8c84fa94-04c1-424b-9868-57a2d4851a1d" />
    <TestEntry testId="df04eb1a-5f46-c40f-ec5d-af6c795c7543" executionId="78fa0611-193a-4a02-b2ea-9f2dde06d50f" testListId="8c84fa94-04c1-424b-9868-57a2d4851a1d" />
  </TestEntries>
  <Results>
    <UnitTestResult executionId="6c3698c5-93a3-41ca-a226-6384906751f8" testId="04ef04bc-e56d-1246-2057-5651d8144123" testName="Indicates_Selected_Category" computerName="YELAMAN" duration="00:00:00.2080870" startTime="2016-09-02T19:25:19.3869007+06:00" endTime="2016-09-02T19:25:19.7919239+06:00" testType="13cdc9d9-ddb5-4fa4-a97d-d965ccfc6d4b" outcome="Passed" testListId="8c84fa94-04c1-424b-9868-57a2d4851a1d" relativeResultsDirectory="6c3698c5-93a3-41ca-a226-6384906751f8">
    </UnitTestResult>
    <UnitTestResult executionId="b17963f6-119b-4ddc-b5ef-0c272c68e711" testId="152d80c6-e548-6975-32ff-526eac72799d" testName="Can_Paginate" computerName="YELAMAN" duration="00:00:00.0046944" startTime="2016-09-02T19:25:19.7939240+06:00" endTime="2016-09-02T19:25:19.8019245+06:00" testType="13cdc9d9-ddb5-4fa4-a97d-d965ccfc6d4b" outcome="Passed" testListId="8c84fa94-04c1-424b-9868-57a2d4851a1d" relativeResultsDirectory="b17963f6-119b-4ddc-b5ef-0c272c68e711">
    </UnitTestResult>
    <UnitTestResult executionId="9b91eb65-6ef8-45f6-9744-668f36583247" testId="4b11be1e-0147-6757-ed88-c3ca120b8393" testName="Can_Add_New_Lines" computerName="YELAMAN" duration="00:00:00.0020586" startTime="2016-09-02T19:25:19.8039246+06:00" endTime="2016-09-02T19:25:19.8099249+06:00" testType="13cdc9d9-ddb5-4fa4-a97d-d965ccfc6d4b" outcome="Passed" testListId="8c84fa94-04c1-424b-9868-57a2d4851a1d" relativeResultsDirectory="9b91eb65-6ef8-45f6-9744-668f36583247">
    </UnitTestResult>
    <UnitTestResult executionId="b0ea5a02-3ccc-429b-897b-a3e62aec30f0" testId="4ed91e91-ba98-8123-d5cf-75198368b49a" testName="Can_Filter_Games" computerName="YELAMAN" duration="00:00:00.0018361" startTime="2016-09-02T19:25:19.8109250+06:00" endTime="2016-09-02T19:25:19.8169253+06:00" testType="13cdc9d9-ddb5-4fa4-a97d-d965ccfc6d4b" outcome="Passed" testListId="8c84fa94-04c1-424b-9868-57a2d4851a1d" relativeResultsDirectory="b0ea5a02-3ccc-429b-897b-a3e62aec30f0">
    </UnitTestResult>
    <UnitTestResult executionId="11fb4ee9-168b-4e1a-ac32-7d3cac24247c" testId="65a3b945-5550-2539-a824-1449c94b8349" testName="Can_Remove_Line" computerName="YELAMAN" duration="00:00:00.0016887" startTime="2016-09-02T19:25:19.8179254+06:00" endTime="2016-09-02T19:25:19.8229257+06:00" testType="13cdc9d9-ddb5-4fa4-a97d-d965ccfc6d4b" outcome="Passed" testListId="8c84fa94-04c1-424b-9868-57a2d4851a1d" relativeResultsDirectory="11fb4ee9-168b-4e1a-ac32-7d3cac24247c">
    </UnitTestResult>
    <UnitTestResult executionId="0ec24dd0-53e4-44f5-aa78-52fdc540d5b0" testId="6b603043-6690-9ebb-29ee-c7d8d1fa2129" testName="Can_Generate_Page_Links" computerName="YELAMAN" duration="00:00:00.0028713" startTime="2016-09-02T19:25:19.8259258+06:00" endTime="2016-09-02T19:25:19.8319262+06:00" testType="13cdc9d9-ddb5-4fa4-a97d-d965ccfc6d4b" outcome="Passed" testListId="8c84fa94-04c1-424b-9868-57a2d4851a1d" relativeResultsDirectory="0ec24dd0-53e4-44f5-aa78-52fdc540d5b0">
    </UnitTestResult>
    <UnitTestResult executionId="9583083a-3997-4733-bb1e-965f4ef37428" testId="6f148397-cdda-1699-0e91-5a93557bc4fa" testName="Generate_Category_Specific_Game_Count" computerName="YELAMAN" duration="00:00:00.0015991" startTime="2016-09-02T19:25:19.8339263+06:00" endTime="2016-09-02T19:25:19.8379265+06:00" testType="13cdc9d9-ddb5-4fa4-a97d-d965ccfc6d4b" outcome="Passed" testListId="8c84fa94-04c1-424b-9868-57a2d4851a1d" relativeResultsDirectory="9583083a-3997-4733-bb1e-965f4ef37428">
    </UnitTestResult>
    <UnitTestResult executionId="82207ef3-34d7-40d7-8279-061393db0abd" testId="77126ac4-a0ad-cef9-f890-c950e0427319" testName="Calculate_Cart_Total" computerName="YELAMAN" duration="00:00:00.0012768" startTime="2016-09-02T19:25:19.8389266+06:00" endTime="2016-09-02T19:25:19.8449269+06:00" testType="13cdc9d9-ddb5-4fa4-a97d-d965ccfc6d4b" outcome="Passed" testListId="8c84fa94-04c1-424b-9868-57a2d4851a1d" relativeResultsDirectory="82207ef3-34d7-40d7-8279-061393db0abd">
    </UnitTestResult>
    <UnitTestResult executionId="2751375a-1f8a-4484-b427-ff9e817d684c" testId="b11a8146-e8ac-0c3d-a270-8c83fc827046" testName="Can_Clear_Contents" computerName="YELAMAN" duration="00:00:00.0004697" startTime="2016-09-02T19:25:19.8469270+06:00" endTime="2016-09-02T19:25:19.8529274+06:00" testType="13cdc9d9-ddb5-4fa4-a97d-d965ccfc6d4b" outcome="Passed" testListId="8c84fa94-04c1-424b-9868-57a2d4851a1d" relativeResultsDirectory="2751375a-1f8a-4484-b427-ff9e817d684c">
    </UnitTestResult>
    <UnitTestResult executionId="c79f92ec-e49e-41ba-8fcc-d4f911f76868" testId="b142008b-1c74-0a07-8c5f-1a5ba4597db9" testName="Can_Send_Pagination_View_Model" computerName="YELAMAN" duration="00:00:00.0013635" startTime="2016-09-02T19:25:19.8549275+06:00" endTime="2016-09-02T19:25:19.8599278+06:00" testType="13cdc9d9-ddb5-4fa4-a97d-d965ccfc6d4b" outcome="Passed" testListId="8c84fa94-04c1-424b-9868-57a2d4851a1d" relativeResultsDirectory="c79f92ec-e49e-41ba-8fcc-d4f911f76868">
    </UnitTestResult>
    <UnitTestResult executionId="752955f2-93fb-458a-8079-9768210e73c4" testId="c3d0a665-2a02-f636-c9c4-8886672f1f44" testName="Can_Add_Quantity_For_Existing_Lines" computerName="YELAMAN" duration="00:00:00.0009978" startTime="2016-09-02T19:25:19.8609278+06:00" endTime="2016-09-02T19:25:19.8659281+06:00" testType="13cdc9d9-ddb5-4fa4-a97d-d965ccfc6d4b" outcome="Passed" testListId="8c84fa94-04c1-424b-9868-57a2d4851a1d" relativeResultsDirectory="752955f2-93fb-458a-8079-9768210e73c4">
    </UnitTestResult>
    <UnitTestResult executionId="78fa0611-193a-4a02-b2ea-9f2dde06d50f" testId="df04eb1a-5f46-c40f-ec5d-af6c795c7543" testName="Can_Create_Categories" computerName="YELAMAN" duration="00:00:00.0029193" startTime="2016-09-02T19:25:19.8669282+06:00" endTime="2016-09-02T19:25:19.8749286+06:00" testType="13cdc9d9-ddb5-4fa4-a97d-d965ccfc6d4b" outcome="Passed" testListId="8c84fa94-04c1-424b-9868-57a2d4851a1d" relativeResultsDirectory="78fa0611-193a-4a02-b2ea-9f2dde06d50f">
    </UnitTestResult>
  </Results>
</TestRun>