<?xml version="1.0" encoding="UTF-8"?>
<TestRun id="5399d581-9dd9-460e-b3fa-334d2c409295" name="Еламан@YELAMAN 2016-08-28 02:00:02" runUser="Yelaman\Еламан" xmlns="http://microsoft.com/schemas/VisualStudio/TeamTest/2010">
  <TestSettings name="Локальные" id="0a2bf3eb-2d22-4aeb-8e8a-f5e1b00992af">
    <Description>Это - параметры по умолчанию для локального тестового запуска.</Description>
    <Deployment enabled="false" runDeploymentRoot="Еламан_YELAMAN 2016-08-28 02_00_02">
      <DeploymentItem filename="C:\Users\Еламан\documents\visual studio 2010\Projects\GameStore\packages\Moq.4.1.1309.1617\lib\net40\Moq.dll" />
      <DeploymentItem filename="C:\Users\Еламан\documents\visual studio 2010\Projects\GameStore\GameStore.Domain\bin\Debug\GameStore.Domain.dll" />
      <DeploymentItem filename="C:\Users\Еламан\documents\visual studio 2010\Projects\GameStore\packages\Ninject.Web.Common.3.0.0.7\lib\net40-full\Ninject.Web.Common.dll" />
      <DeploymentItem filename="C:\Users\Еламан\documents\visual studio 2010\Projects\GameStore\packages\Microsoft.AspNet.Mvc.4.0.20710.0\lib\net40\System.Web.Mvc.dll" />
      <DeploymentItem filename="C:\Users\Еламан\documents\visual studio 2010\Projects\GameStore\packages\Microsoft.AspNet.WebPages.2.0.30506.0\lib\net40\System.Web.WebPages.Razor.dll" />
      <DeploymentItem filename="C:\Users\Еламан\documents\visual studio 2010\Projects\GameStore\GameStore.WebUI\bin\GameStore.WebUI.dll" />
      <DeploymentItem filename="C:\Users\Еламан\documents\visual studio 2010\Projects\GameStore\packages\Ninject.MVC3.3.0.0.6\lib\net40-full\Ninject.Web.Mvc.dll" />
      <DeploymentItem filename="C:\Users\Еламан\documents\visual studio 2010\Projects\GameStore\packages\Microsoft.AspNet.WebPages.2.0.30506.0\lib\net40\System.Web.WebPages.Deployment.dll" />
      <DeploymentItem filename="C:\Users\Еламан\documents\visual studio 2010\Projects\GameStore\packages\WebActivator.1.5.3\lib\net40\WebActivator.dll" />
      <DeploymentItem filename="C:\Users\Еламан\documents\visual studio 2010\Projects\GameStore\packages\Microsoft.AspNet.WebPages.2.0.30506.0\lib\net40\System.Web.Helpers.dll" />
      <DeploymentItem filename="C:\Users\Еламан\documents\visual studio 2010\Projects\GameStore\packages\Microsoft.AspNet.Razor.2.0.30506.0\lib\net40\System.Web.Razor.dll" />
      <DeploymentItem filename="C:\Users\Еламан\documents\visual studio 2010\Projects\GameStore\packages\Ninject.3.0.1.10\lib\net40\Ninject.dll" />
      <DeploymentItem filename="C:\Users\Еламан\documents\visual studio 2010\Projects\GameStore\packages\Microsoft.Web.Infrastructure.1.0.0.0\lib\net40\Microsoft.Web.Infrastructure.dll" />
      <DeploymentItem filename="C:\Users\Еламан\documents\visual studio 2010\Projects\GameStore\packages\Microsoft.AspNet.WebPages.2.0.30506.0\lib\net40\System.Web.WebPages.dll" />
    </Deployment>
    <Execution>
      <TestTypeSpecific />
      <AgentRule name="Execution Agents">
      </AgentRule>
    </Execution>
  </TestSettings>
  <Times creation="2016-08-28T02:00:02.8827806+06:00" queuing="2016-08-28T02:00:02.9507845+06:00" start="2016-08-28T02:00:02.9677855+06:00" finish="2016-08-28T02:00:03.2478015+06:00" />
  <ResultSummary outcome="Failed">
    <Counters total="1" executed="1" error="0" failed="1" timeout="0" aborted="0" inconclusive="0" passedButRunAborted="0" notRunnable="0" notExecuted="0" disconnected="0" warning="0" passed="0" completed="0" inProgress="0" pending="0" />
  </ResultSummary>
  <TestDefinitions>
    <UnitTest name="Can_Generate_Page_Links" storage="c:\users\еламан\documents\visual studio 2010\projects\gamestore\gamestore.unittests\bin\debug\gamestore.unittests.dll" id="6b603043-6690-9ebb-29ee-c7d8d1fa2129">
      <Execution id="a8574499-7eaf-42ad-9538-ea019336331a" />
      <TestMethod codeBase="C:/Users/Еламан/documents/visual studio 2010/Projects/GameStore/GameStore.UnitTests/bin/Debug/GameStore.UnitTests.DLL" adapterTypeName="Microsoft.VisualStudio.TestTools.TestTypes.Unit.UnitTestAdapter, Microsoft.VisualStudio.QualityTools.Tips.UnitTest.Adapter, Version=10.0.0.0, Culture=neutral, PublicKeyToken=b03f5f7f11d50a3a" className="GameStore.UnitTests.UnitTest1, GameStore.UnitTests, Version=1.0.0.0, Culture=neutral, PublicKeyToken=null" name="Can_Generate_Page_Links" />
    </UnitTest>
  </TestDefinitions>
  <TestLists>
    <TestList name="Отсутствующие в списке результаты" id="8c84fa94-04c1-424b-9868-57a2d4851a1d" />
    <TestList name="Все загруженные результаты" id="19431567-8539-422a-85d7-44ee4e166bda" />
  </TestLists>
  <TestEntries>
    <TestEntry testId="6b603043-6690-9ebb-29ee-c7d8d1fa2129" executionId="a8574499-7eaf-42ad-9538-ea019336331a" testListId="8c84fa94-04c1-424b-9868-57a2d4851a1d" />
  </TestEntries>
  <Results>
    <UnitTestResult executionId="a8574499-7eaf-42ad-9538-ea019336331a" testId="6b603043-6690-9ebb-29ee-c7d8d1fa2129" testName="Can_Generate_Page_Links" computerName="YELAMAN" duration="00:00:00.0489698" startTime="2016-08-28T02:00:02.9707857+06:00" endTime="2016-08-28T02:00:03.2318006+06:00" testType="13cdc9d9-ddb5-4fa4-a97d-d965ccfc6d4b" outcome="Failed" testListId="8c84fa94-04c1-424b-9868-57a2d4851a1d" relativeResultsDirectory="a8574499-7eaf-42ad-9538-ea019336331a">
      <Output>
        <ErrorInfo>
          <Message>Ошибка в Assert.AreEqual. Ожидается: &lt;&lt;a class="btn btn-default" href="Page1"&gt;1&lt;/a&gt;&lt;a class="btn btn-default" href="Page2"&gt;2&lt;/a&gt;&lt;a class="btn btn-default btn-primay selected" href="Page3"&gt;3&lt;/a&gt;&gt;. Фактически: &lt;&lt;a class="btn btn-default" href="Page1"&gt;1&lt;/a&gt;&lt;a class="btn btn-default" href="Page2"&gt;2&lt;/a&gt;&lt;a class="btn btn-default btn-primary selected" href="Page3"&gt;3&lt;/a&gt;&gt;. </Message>
          <StackTrace>   в GameStore.UnitTests.UnitTest1.Can_Generate_Page_Links() в C:\Users\Еламан\documents\visual studio 2010\Projects\GameStore\GameStore.UnitTests\UnitTest1.cs:строка 67
</StackTrace>
        </ErrorInfo>
      </Output>
    </UnitTestResult>
  </Results>
</TestRun>