<?xml version="1.0" encoding="UTF-8"?>
<TestRun id="a7e4c2da-5324-4baf-a2d2-45d64827ecb2" name="Еламан@YELAMAN 2016-08-30 00:33:04" runUser="Yelaman\Еламан" xmlns="http://microsoft.com/schemas/VisualStudio/TeamTest/2010">
  <TestSettings name="Локальные" id="0a2bf3eb-2d22-4aeb-8e8a-f5e1b00992af">
    <Description>Это - параметры по умолчанию для локального тестового запуска.</Description>
    <Deployment enabled="false" runDeploymentRoot="Еламан_YELAMAN 2016-08-30 00_33_04">
      <DeploymentItem filename="C:\Users\Еламан\documents\visual studio 2010\Projects\GameStore\packages\Moq.4.1.1309.1617\lib\net40\Moq.dll" />
      <DeploymentItem filename="C:\Users\Еламан\documents\visual studio 2010\Projects\GameStore\GameStore.Domain\bin\Debug\GameStore.Domain.dll" />
      <DeploymentItem filename="C:\Users\Еламан\documents\visual studio 2010\Projects\GameStore\packages\Ninject.Web.Common.3.0.0.7\lib\net40-full\Ninject.Web.Common.dll" />
      <DeploymentItem filename="C:\Users\Еламан\documents\visual studio 2010\Projects\GameStore\packages\Microsoft.AspNet.Mvc.4.0.20710.0\lib\net40\System.Web.Mvc.dll" />
      <DeploymentItem filename="C:\Users\Еламан\documents\visual studio 2010\Projects\GameStore\packages\Microsoft.AspNet.WebPages.2.0.30506.0\lib\net40\System.Web.WebPages.Razor.dll" />
      <DeploymentItem filename="C:\Users\Еламан\documents\visual studio 2010\Projects\GameStore\GameStore.WebUI\bin\GameStore.WebUI.dll" />
      <DeploymentItem filename="C:\Users\Еламан\documents\visual studio 2010\Projects\GameStore\packages\Ninject.MVC3.3.0.0.6\lib\net40-full\Ninject.Web.Mvc.dll" />
      <DeploymentItem filename="C:\Users\Еламан\documents\visual studio 2010\Projects\GameStore\packages\Microsoft.AspNet.WebPages.2.0.30506.0\lib\net40\System.Web.WebPages.Deployment.dll" />
      <DeploymentItem filename="C:\Users\Еламан\documents\visual studio 2010\Projects\GameStore\packages\WebActivator.1.5.3\lib\net40\WebActivator.dll" />
      <DeploymentItem filename="C:\Users\Еламан\documents\visual studio 2010\Projects\GameStore\packages\Microsoft.AspNet.WebPages.2.0.30506.0\lib\net40\System.Web.Helpers.dll" />
      <DeploymentItem filename="C:\Users\Еламан\documents\visual studio 2010\Projects\GameStore\packages\Microsoft.AspNet.Razor.2.0.30506.0\lib\net40\System.Web.Razor.dll" />
      <DeploymentItem filename="C:\Users\Еламан\documents\visual studio 2010\Projects\GameStore\packages\Ninject.3.0.1.10\lib\net40\Ninject.dll" />
      <DeploymentItem filename="C:\Users\Еламан\documents\visual studio 2010\Projects\GameStore\packages\Microsoft.Web.Infrastructure.1.0.0.0\lib\net40\Microsoft.Web.Infrastructure.dll" />
      <DeploymentItem filename="C:\Users\Еламан\documents\visual studio 2010\Projects\GameStore\packages\Microsoft.AspNet.WebPages.2.0.30506.0\lib\net40\System.Web.WebPages.dll" />
    </Deployment>
    <Execution>
      <TestTypeSpecific />
      <AgentRule name="Execution Agents">
      </AgentRule>
    </Execution>
  </TestSettings>
  <Times creation="2016-08-30T00:33:04.9923512+06:00" queuing="2016-08-30T00:33:08.0445257+06:00" start="2016-08-30T00:33:08.1285305+06:00" finish="2016-08-30T00:33:08.6945629+06:00" />
  <ResultSummary outcome="Completed">
    <Counters total="4" executed="4" passed="4" error="0" failed="0" timeout="0" aborted="0" inconclusive="0" passedButRunAborted="0" notRunnable="0" notExecuted="0" disconnected="0" warning="0" completed="0" inProgress="0" pending="0" />
  </ResultSummary>
  <TestDefinitions>
    <UnitTest name="Can_Send_Pagination_View_Model" storage="c:\users\еламан\documents\visual studio 2010\projects\gamestore\gamestore.unittests\bin\debug\gamestore.unittests.dll" id="b142008b-1c74-0a07-8c5f-1a5ba4597db9">
      <Execution id="cd635b0d-766a-48c0-b7be-f413b68b0335" />
      <TestMethod codeBase="C:/Users/Еламан/documents/visual studio 2010/Projects/GameStore/GameStore.UnitTests/bin/Debug/GameStore.UnitTests.DLL" adapterTypeName="Microsoft.VisualStudio.TestTools.TestTypes.Unit.UnitTestAdapter, Microsoft.VisualStudio.QualityTools.Tips.UnitTest.Adapter, Version=10.0.0.0, Culture=neutral, PublicKeyToken=b03f5f7f11d50a3a" className="GameStore.UnitTests.UnitTest1, GameStore.UnitTests, Version=1.0.0.0, Culture=neutral, PublicKeyToken=null" name="Can_Send_Pagination_View_Model" />
    </UnitTest>
    <UnitTest name="Can_Paginate" storage="c:\users\еламан\documents\visual studio 2010\projects\gamestore\gamestore.unittests\bin\debug\gamestore.unittests.dll" id="152d80c6-e548-6975-32ff-526eac72799d">
      <Execution id="35f4703f-b721-41c1-b918-ba7c0598bdc5" />
      <TestMethod codeBase="C:/Users/Еламан/documents/visual studio 2010/Projects/GameStore/GameStore.UnitTests/bin/Debug/GameStore.UnitTests.DLL" adapterTypeName="Microsoft.VisualStudio.TestTools.TestTypes.Unit.UnitTestAdapter, Microsoft.VisualStudio.QualityTools.Tips.UnitTest.Adapter, Version=10.0.0.0, Culture=neutral, PublicKeyToken=b03f5f7f11d50a3a" className="GameStore.UnitTests.UnitTest1, GameStore.UnitTests, Version=1.0.0.0, Culture=neutral, PublicKeyToken=null" name="Can_Paginate" />
    </UnitTest>
    <UnitTest name="Can_Filter_Games" storage="c:\users\еламан\documents\visual studio 2010\projects\gamestore\gamestore.unittests\bin\debug\gamestore.unittests.dll" id="4ed91e91-ba98-8123-d5cf-75198368b49a">
      <Execution id="61d8a4ae-894e-4898-8610-e0fc11290ede" />
      <TestMethod codeBase="C:/Users/Еламан/documents/visual studio 2010/Projects/GameStore/GameStore.UnitTests/bin/Debug/GameStore.UnitTests.DLL" adapterTypeName="Microsoft.VisualStudio.TestTools.TestTypes.Unit.UnitTestAdapter, Microsoft.VisualStudio.QualityTools.Tips.UnitTest.Adapter, Version=10.0.0.0, Culture=neutral, PublicKeyToken=b03f5f7f11d50a3a" className="GameStore.UnitTests.UnitTest1, GameStore.UnitTests, Version=1.0.0.0, Culture=neutral, PublicKeyToken=null" name="Can_Filter_Games" />
    </UnitTest>
    <UnitTest name="Can_Generate_Page_Links" storage="c:\users\еламан\documents\visual studio 2010\projects\gamestore\gamestore.unittests\bin\debug\gamestore.unittests.dll" id="6b603043-6690-9ebb-29ee-c7d8d1fa2129">
      <Execution id="1277522e-8691-4d7a-bce2-16def5e8feee" />
      <TestMethod codeBase="C:/Users/Еламан/documents/visual studio 2010/Projects/GameStore/GameStore.UnitTests/bin/Debug/GameStore.UnitTests.DLL" adapterTypeName="Microsoft.VisualStudio.TestTools.TestTypes.Unit.UnitTestAdapter, Microsoft.VisualStudio.QualityTools.Tips.UnitTest.Adapter, Version=10.0.0.0, Culture=neutral, PublicKeyToken=b03f5f7f11d50a3a" className="GameStore.UnitTests.UnitTest1, GameStore.UnitTests, Version=1.0.0.0, Culture=neutral, PublicKeyToken=null" name="Can_Generate_Page_Links" />
    </UnitTest>
  </TestDefinitions>
  <TestLists>
    <TestList name="Отсутствующие в списке результаты" id="8c84fa94-04c1-424b-9868-57a2d4851a1d" />
    <TestList name="Все загруженные результаты" id="19431567-8539-422a-85d7-44ee4e166bda" />
  </TestLists>
  <TestEntries>
    <TestEntry testId="152d80c6-e548-6975-32ff-526eac72799d" executionId="35f4703f-b721-41c1-b918-ba7c0598bdc5" testListId="8c84fa94-04c1-424b-9868-57a2d4851a1d" />
    <TestEntry testId="4ed91e91-ba98-8123-d5cf-75198368b49a" executionId="61d8a4ae-894e-4898-8610-e0fc11290ede" testListId="8c84fa94-04c1-424b-9868-57a2d4851a1d" />
    <TestEntry testId="6b603043-6690-9ebb-29ee-c7d8d1fa2129" executionId="1277522e-8691-4d7a-bce2-16def5e8feee" testListId="8c84fa94-04c1-424b-9868-57a2d4851a1d" />
    <TestEntry testId="b142008b-1c74-0a07-8c5f-1a5ba4597db9" executionId="cd635b0d-766a-48c0-b7be-f413b68b0335" testListId="8c84fa94-04c1-424b-9868-57a2d4851a1d" />
  </TestEntries>
  <Results>
    <UnitTestResult executionId="35f4703f-b721-41c1-b918-ba7c0598bdc5" testId="152d80c6-e548-6975-32ff-526eac72799d" testName="Can_Paginate" computerName="YELAMAN" duration="00:00:00.2169080" startTime="2016-08-30T00:33:08.1495317+06:00" endTime="2016-08-30T00:33:08.5795563+06:00" testType="13cdc9d9-ddb5-4fa4-a97d-d965ccfc6d4b" outcome="Passed" testListId="8c84fa94-04c1-424b-9868-57a2d4851a1d" relativeResultsDirectory="35f4703f-b721-41c1-b918-ba7c0598bdc5">
    </UnitTestResult>
    <UnitTestResult executionId="61d8a4ae-894e-4898-8610-e0fc11290ede" testId="4ed91e91-ba98-8123-d5cf-75198368b49a" testName="Can_Filter_Games" computerName="YELAMAN" duration="00:00:00.0061288" startTime="2016-08-30T00:33:08.5805564+06:00" endTime="2016-08-30T00:33:08.5895569+06:00" testType="13cdc9d9-ddb5-4fa4-a97d-d965ccfc6d4b" outcome="Passed" testListId="8c84fa94-04c1-424b-9868-57a2d4851a1d" relativeResultsDirectory="61d8a4ae-894e-4898-8610-e0fc11290ede">
    </UnitTestResult>
    <UnitTestResult executionId="1277522e-8691-4d7a-bce2-16def5e8feee" testId="6b603043-6690-9ebb-29ee-c7d8d1fa2129" testName="Can_Generate_Page_Links" computerName="YELAMAN" duration="00:00:00.0360576" startTime="2016-08-30T00:33:08.5915570+06:00" endTime="2016-08-30T00:33:08.6315593+06:00" testType="13cdc9d9-ddb5-4fa4-a97d-d965ccfc6d4b" outcome="Passed" testListId="8c84fa94-04c1-424b-9868-57a2d4851a1d" relativeResultsDirectory="1277522e-8691-4d7a-bce2-16def5e8feee">
    </UnitTestResult>
    <UnitTestResult executionId="cd635b0d-766a-48c0-b7be-f413b68b0335" testId="b142008b-1c74-0a07-8c5f-1a5ba4597db9" testName="Can_Send_Pagination_View_Model" computerName="YELAMAN" duration="00:00:00.0014302" startTime="2016-08-30T00:33:08.6325594+06:00" endTime="2016-08-30T00:33:08.6375596+06:00" testType="13cdc9d9-ddb5-4fa4-a97d-d965ccfc6d4b" outcome="Passed" testListId="8c84fa94-04c1-424b-9868-57a2d4851a1d" relativeResultsDirectory="cd635b0d-766a-48c0-b7be-f413b68b0335">
    </UnitTestResult>
  </Results>
</TestRun>