<?xml version="1.0" encoding="UTF-8"?>
<TestRun id="f8c081a0-739d-4360-ba47-ef69f8fa2255" name="Еламан@YELAMAN 2016-09-08 21:03:25" runUser="Yelaman\Еламан" xmlns="http://microsoft.com/schemas/VisualStudio/TeamTest/2010">
  <TestSettings name="Локальные" id="0a2bf3eb-2d22-4aeb-8e8a-f5e1b00992af">
    <Description>Это - параметры по умолчанию для локального тестового запуска.</Description>
    <Deployment enabled="false" runDeploymentRoot="Еламан_YELAMAN 2016-09-08 21_03_25">
      <DeploymentItem filename="C:\Users\Еламан\documents\visual studio 2010\Projects\GameStore\packages\Moq.4.1.1309.1617\lib\net40\Moq.dll" />
      <DeploymentItem filename="C:\Users\Еламан\documents\visual studio 2010\Projects\GameStore\GameStore.Domain\bin\Debug\GameStore.Domain.dll" />
      <DeploymentItem filename="C:\Users\Еламан\documents\visual studio 2010\Projects\GameStore\packages\Ninject.Web.Common.3.0.0.7\lib\net40-full\Ninject.Web.Common.dll" />
      <DeploymentItem filename="C:\Users\Еламан\documents\visual studio 2010\Projects\GameStore\packages\Microsoft.AspNet.Mvc.4.0.20710.0\lib\net40\System.Web.Mvc.dll" />
      <DeploymentItem filename="C:\Users\Еламан\documents\visual studio 2010\Projects\GameStore\packages\Microsoft.AspNet.WebPages.2.0.30506.0\lib\net40\System.Web.WebPages.Razor.dll" />
      <DeploymentItem filename="C:\Users\Еламан\documents\visual studio 2010\Projects\GameStore\GameStore.WebUI\bin\GameStore.WebUI.dll" />
      <DeploymentItem filename="C:\Users\Еламан\documents\visual studio 2010\Projects\GameStore\packages\Ninject.MVC3.3.0.0.6\lib\net40-full\Ninject.Web.Mvc.dll" />
      <DeploymentItem filename="C:\Users\Еламан\documents\visual studio 2010\Projects\GameStore\packages\Microsoft.AspNet.WebPages.2.0.30506.0\lib\net40\System.Web.WebPages.Deployment.dll" />
      <DeploymentItem filename="C:\Users\Еламан\documents\visual studio 2010\Projects\GameStore\packages\WebActivator.1.5.3\lib\net40\WebActivator.dll" />
      <DeploymentItem filename="C:\Users\Еламан\documents\visual studio 2010\Projects\GameStore\packages\Microsoft.AspNet.WebPages.2.0.30506.0\lib\net40\System.Web.Helpers.dll" />
      <DeploymentItem filename="C:\Users\Еламан\documents\visual studio 2010\Projects\GameStore\packages\Microsoft.AspNet.Razor.2.0.30506.0\lib\net40\System.Web.Razor.dll" />
      <DeploymentItem filename="C:\Users\Еламан\documents\visual studio 2010\Projects\GameStore\packages\Ninject.3.0.1.10\lib\net40\Ninject.dll" />
      <DeploymentItem filename="C:\Users\Еламан\documents\visual studio 2010\Projects\GameStore\packages\Microsoft.Web.Infrastructure.1.0.0.0\lib\net40\Microsoft.Web.Infrastructure.dll" />
      <DeploymentItem filename="C:\Users\Еламан\documents\visual studio 2010\Projects\GameStore\packages\Microsoft.AspNet.WebPages.2.0.30506.0\lib\net40\System.Web.WebPages.dll" />
    </Deployment>
    <Execution>
      <TestTypeSpecific />
      <AgentRule name="Execution Agents">
      </AgentRule>
    </Execution>
  </TestSettings>
  <Times creation="2016-09-08T21:03:25.0484330+06:00" queuing="2016-09-08T21:03:30.9597711+06:00" start="2016-09-08T21:03:31.1297808+06:00" finish="2016-09-08T21:03:32.6688688+06:00" />
  <ResultSummary outcome="Completed">
    <Counters total="16" executed="16" passed="16" error="0" failed="0" timeout="0" aborted="0" inconclusive="0" passedButRunAborted="0" notRunnable="0" notExecuted="0" disconnected="0" warning="0" completed="0" inProgress="0" pending="0" />
  </ResultSummary>
  <TestDefinitions>
    <UnitTest name="Can_Generate_Page_Links" storage="c:\users\еламан\documents\visual studio 2010\projects\gamestore\gamestore.unittests\bin\debug\gamestore.unittests.dll" id="6b603043-6690-9ebb-29ee-c7d8d1fa2129">
      <Execution id="c85289c1-fc54-4d55-a629-9bfe6b79ebdd" />
      <TestMethod codeBase="C:/Users/Еламан/documents/visual studio 2010/Projects/GameStore/GameStore.UnitTests/bin/Debug/GameStore.UnitTests.DLL" adapterTypeName="Microsoft.VisualStudio.TestTools.TestTypes.Unit.UnitTestAdapter, Microsoft.VisualStudio.QualityTools.Tips.UnitTest.Adapter, Version=10.0.0.0, Culture=neutral, PublicKeyToken=b03f5f7f11d50a3a" className="GameStore.UnitTests.UnitTest1, GameStore.UnitTests, Version=1.0.0.0, Culture=neutral, PublicKeyToken=null" name="Can_Generate_Page_Links" />
    </UnitTest>
    <UnitTest name="Adding_Game_To_Cart_Goes_To_Cart_Screen" storage="c:\users\еламан\documents\visual studio 2010\projects\gamestore\gamestore.unittests\bin\debug\gamestore.unittests.dll" id="d015db9f-09f9-a6dd-70d6-11ac2e91cd8f">
      <Execution id="33132c82-f7c1-476d-9d71-bd7853ae2944" />
      <TestMethod codeBase="C:/Users/Еламан/documents/visual studio 2010/Projects/GameStore/GameStore.UnitTests/bin/Debug/GameStore.UnitTests.DLL" adapterTypeName="Microsoft.VisualStudio.TestTools.TestTypes.Unit.UnitTestAdapter, Microsoft.VisualStudio.QualityTools.Tips.UnitTest.Adapter, Version=10.0.0.0, Culture=neutral, PublicKeyToken=b03f5f7f11d50a3a" className="GameStore.UnitTests.CartTests, GameStore.UnitTests, Version=1.0.0.0, Culture=neutral, PublicKeyToken=null" name="Adding_Game_To_Cart_Goes_To_Cart_Screen" />
    </UnitTest>
    <UnitTest name="Can_Send_Pagination_View_Model" storage="c:\users\еламан\documents\visual studio 2010\projects\gamestore\gamestore.unittests\bin\debug\gamestore.unittests.dll" id="b142008b-1c74-0a07-8c5f-1a5ba4597db9">
      <Execution id="b94b1d1f-b15e-495c-86ed-f201e5a7aacc" />
      <TestMethod codeBase="C:/Users/Еламан/documents/visual studio 2010/Projects/GameStore/GameStore.UnitTests/bin/Debug/GameStore.UnitTests.DLL" adapterTypeName="Microsoft.VisualStudio.TestTools.TestTypes.Unit.UnitTestAdapter, Microsoft.VisualStudio.QualityTools.Tips.UnitTest.Adapter, Version=10.0.0.0, Culture=neutral, PublicKeyToken=b03f5f7f11d50a3a" className="GameStore.UnitTests.UnitTest1, GameStore.UnitTests, Version=1.0.0.0, Culture=neutral, PublicKeyToken=null" name="Can_Send_Pagination_View_Model" />
    </UnitTest>
    <UnitTest name="Can_Add_New_Lines" storage="c:\users\еламан\documents\visual studio 2010\projects\gamestore\gamestore.unittests\bin\debug\gamestore.unittests.dll" id="4b11be1e-0147-6757-ed88-c3ca120b8393">
      <Execution id="a5b7cdbf-f0bf-4fb6-9351-0428959848d1" />
      <TestMethod codeBase="C:/Users/Еламан/documents/visual studio 2010/Projects/GameStore/GameStore.UnitTests/bin/Debug/GameStore.UnitTests.DLL" adapterTypeName="Microsoft.VisualStudio.TestTools.TestTypes.Unit.UnitTestAdapter, Microsoft.VisualStudio.QualityTools.Tips.UnitTest.Adapter, Version=10.0.0.0, Culture=neutral, PublicKeyToken=b03f5f7f11d50a3a" className="GameStore.UnitTests.CartTests, GameStore.UnitTests, Version=1.0.0.0, Culture=neutral, PublicKeyToken=null" name="Can_Add_New_Lines" />
    </UnitTest>
    <UnitTest name="Can_Remove_Line" storage="c:\users\еламан\documents\visual studio 2010\projects\gamestore\gamestore.unittests\bin\debug\gamestore.unittests.dll" id="65a3b945-5550-2539-a824-1449c94b8349">
      <Execution id="911b97db-e017-4483-a223-dba37fb41400" />
      <TestMethod codeBase="C:/Users/Еламан/documents/visual studio 2010/Projects/GameStore/GameStore.UnitTests/bin/Debug/GameStore.UnitTests.DLL" adapterTypeName="Microsoft.VisualStudio.TestTools.TestTypes.Unit.UnitTestAdapter, Microsoft.VisualStudio.QualityTools.Tips.UnitTest.Adapter, Version=10.0.0.0, Culture=neutral, PublicKeyToken=b03f5f7f11d50a3a" className="GameStore.UnitTests.CartTests, GameStore.UnitTests, Version=1.0.0.0, Culture=neutral, PublicKeyToken=null" name="Can_Remove_Line" />
    </UnitTest>
    <UnitTest name="Indicates_Selected_Category" storage="c:\users\еламан\documents\visual studio 2010\projects\gamestore\gamestore.unittests\bin\debug\gamestore.unittests.dll" id="04ef04bc-e56d-1246-2057-5651d8144123">
      <Execution id="5b0cebb5-b638-4c24-8251-5a31c384de13" />
      <TestMethod codeBase="C:/Users/Еламан/documents/visual studio 2010/Projects/GameStore/GameStore.UnitTests/bin/Debug/GameStore.UnitTests.DLL" adapterTypeName="Microsoft.VisualStudio.TestTools.TestTypes.Unit.UnitTestAdapter, Microsoft.VisualStudio.QualityTools.Tips.UnitTest.Adapter, Version=10.0.0.0, Culture=neutral, PublicKeyToken=b03f5f7f11d50a3a" className="GameStore.UnitTests.UnitTest1, GameStore.UnitTests, Version=1.0.0.0, Culture=neutral, PublicKeyToken=null" name="Indicates_Selected_Category" />
    </UnitTest>
    <UnitTest name="Can_Add_To_Cart" storage="c:\users\еламан\documents\visual studio 2010\projects\gamestore\gamestore.unittests\bin\debug\gamestore.unittests.dll" id="4beb1963-bd3d-409d-04c7-c9fd253e24c3">
      <Execution id="d08d33a1-0c6d-4c86-9bb8-ef2f810ea531" />
      <TestMethod codeBase="C:/Users/Еламан/documents/visual studio 2010/Projects/GameStore/GameStore.UnitTests/bin/Debug/GameStore.UnitTests.DLL" adapterTypeName="Microsoft.VisualStudio.TestTools.TestTypes.Unit.UnitTestAdapter, Microsoft.VisualStudio.QualityTools.Tips.UnitTest.Adapter, Version=10.0.0.0, Culture=neutral, PublicKeyToken=b03f5f7f11d50a3a" className="GameStore.UnitTests.CartTests, GameStore.UnitTests, Version=1.0.0.0, Culture=neutral, PublicKeyToken=null" name="Can_Add_To_Cart" />
    </UnitTest>
    <UnitTest name="Can_Clear_Contents" storage="c:\users\еламан\documents\visual studio 2010\projects\gamestore\gamestore.unittests\bin\debug\gamestore.unittests.dll" id="b11a8146-e8ac-0c3d-a270-8c83fc827046">
      <Execution id="3d0a3e45-df55-416d-88b8-700e34a264fd" />
      <TestMethod codeBase="C:/Users/Еламан/documents/visual studio 2010/Projects/GameStore/GameStore.UnitTests/bin/Debug/GameStore.UnitTests.DLL" adapterTypeName="Microsoft.VisualStudio.TestTools.TestTypes.Unit.UnitTestAdapter, Microsoft.VisualStudio.QualityTools.Tips.UnitTest.Adapter, Version=10.0.0.0, Culture=neutral, PublicKeyToken=b03f5f7f11d50a3a" className="GameStore.UnitTests.CartTests, GameStore.UnitTests, Version=1.0.0.0, Culture=neutral, PublicKeyToken=null" name="Can_Clear_Contents" />
    </UnitTest>
    <UnitTest name="Can_Add_Quantity_For_Existing_Lines" storage="c:\users\еламан\documents\visual studio 2010\projects\gamestore\gamestore.unittests\bin\debug\gamestore.unittests.dll" id="c3d0a665-2a02-f636-c9c4-8886672f1f44">
      <Execution id="11045144-ac54-4b0a-b78b-2cc8cd4b96a6" />
      <TestMethod codeBase="C:/Users/Еламан/documents/visual studio 2010/Projects/GameStore/GameStore.UnitTests/bin/Debug/GameStore.UnitTests.DLL" adapterTypeName="Microsoft.VisualStudio.TestTools.TestTypes.Unit.UnitTestAdapter, Microsoft.VisualStudio.QualityTools.Tips.UnitTest.Adapter, Version=10.0.0.0, Culture=neutral, PublicKeyToken=b03f5f7f11d50a3a" className="GameStore.UnitTests.CartTests, GameStore.UnitTests, Version=1.0.0.0, Culture=neutral, PublicKeyToken=null" name="Can_Add_Quantity_For_Existing_Lines" />
    </UnitTest>
    <UnitTest name="Cannot_Checkout_Empty_Cart" storage="c:\users\еламан\documents\visual studio 2010\projects\gamestore\gamestore.unittests\bin\debug\gamestore.unittests.dll" id="248fbf63-e30a-3906-2aca-ffb7b54ab4ae">
      <Execution id="1c4c0121-1545-4f44-8c73-2c259cd394c7" />
      <TestMethod codeBase="C:/Users/Еламан/documents/visual studio 2010/Projects/GameStore/GameStore.UnitTests/bin/Debug/GameStore.UnitTests.DLL" adapterTypeName="Microsoft.VisualStudio.TestTools.TestTypes.Unit.UnitTestAdapter, Microsoft.VisualStudio.QualityTools.Tips.UnitTest.Adapter, Version=10.0.0.0, Culture=neutral, PublicKeyToken=b03f5f7f11d50a3a" className="GameStore.UnitTests.CartTests, GameStore.UnitTests, Version=1.0.0.0, Culture=neutral, PublicKeyToken=null" name="Cannot_Checkout_Empty_Cart" />
    </UnitTest>
    <UnitTest name="Can_Create_Categories" storage="c:\users\еламан\documents\visual studio 2010\projects\gamestore\gamestore.unittests\bin\debug\gamestore.unittests.dll" id="df04eb1a-5f46-c40f-ec5d-af6c795c7543">
      <Execution id="01d05b55-e730-4fac-8f5d-5b9fc7ab9a2c" />
      <TestMethod codeBase="C:/Users/Еламан/documents/visual studio 2010/Projects/GameStore/GameStore.UnitTests/bin/Debug/GameStore.UnitTests.DLL" adapterTypeName="Microsoft.VisualStudio.TestTools.TestTypes.Unit.UnitTestAdapter, Microsoft.VisualStudio.QualityTools.Tips.UnitTest.Adapter, Version=10.0.0.0, Culture=neutral, PublicKeyToken=b03f5f7f11d50a3a" className="GameStore.UnitTests.UnitTest1, GameStore.UnitTests, Version=1.0.0.0, Culture=neutral, PublicKeyToken=null" name="Can_Create_Categories" />
    </UnitTest>
    <UnitTest name="Can_Filter_Games" storage="c:\users\еламан\documents\visual studio 2010\projects\gamestore\gamestore.unittests\bin\debug\gamestore.unittests.dll" id="4ed91e91-ba98-8123-d5cf-75198368b49a">
      <Execution id="00271354-9732-4507-be72-e19941c10a60" />
      <TestMethod codeBase="C:/Users/Еламан/documents/visual studio 2010/Projects/GameStore/GameStore.UnitTests/bin/Debug/GameStore.UnitTests.DLL" adapterTypeName="Microsoft.VisualStudio.TestTools.TestTypes.Unit.UnitTestAdapter, Microsoft.VisualStudio.QualityTools.Tips.UnitTest.Adapter, Version=10.0.0.0, Culture=neutral, PublicKeyToken=b03f5f7f11d50a3a" className="GameStore.UnitTests.UnitTest1, GameStore.UnitTests, Version=1.0.0.0, Culture=neutral, PublicKeyToken=null" name="Can_Filter_Games" />
    </UnitTest>
    <UnitTest name="Calculate_Cart_Total" storage="c:\users\еламан\documents\visual studio 2010\projects\gamestore\gamestore.unittests\bin\debug\gamestore.unittests.dll" id="77126ac4-a0ad-cef9-f890-c950e0427319">
      <Execution id="ba9d10d0-f870-4edb-8d94-7803ab6b829c" />
      <TestMethod codeBase="C:/Users/Еламан/documents/visual studio 2010/Projects/GameStore/GameStore.UnitTests/bin/Debug/GameStore.UnitTests.DLL" adapterTypeName="Microsoft.VisualStudio.TestTools.TestTypes.Unit.UnitTestAdapter, Microsoft.VisualStudio.QualityTools.Tips.UnitTest.Adapter, Version=10.0.0.0, Culture=neutral, PublicKeyToken=b03f5f7f11d50a3a" className="GameStore.UnitTests.CartTests, GameStore.UnitTests, Version=1.0.0.0, Culture=neutral, PublicKeyToken=null" name="Calculate_Cart_Total" />
    </UnitTest>
    <UnitTest name="Can_View_Cart_Contents" storage="c:\users\еламан\documents\visual studio 2010\projects\gamestore\gamestore.unittests\bin\debug\gamestore.unittests.dll" id="9450c60d-569f-802f-876e-dedf5e498901">
      <Execution id="4b7e123e-2a81-4511-8021-9f021facbd49" />
      <TestMethod codeBase="C:/Users/Еламан/documents/visual studio 2010/Projects/GameStore/GameStore.UnitTests/bin/Debug/GameStore.UnitTests.DLL" adapterTypeName="Microsoft.VisualStudio.TestTools.TestTypes.Unit.UnitTestAdapter, Microsoft.VisualStudio.QualityTools.Tips.UnitTest.Adapter, Version=10.0.0.0, Culture=neutral, PublicKeyToken=b03f5f7f11d50a3a" className="GameStore.UnitTests.CartTests, GameStore.UnitTests, Version=1.0.0.0, Culture=neutral, PublicKeyToken=null" name="Can_View_Cart_Contents" />
    </UnitTest>
    <UnitTest name="Can_Paginate" storage="c:\users\еламан\documents\visual studio 2010\projects\gamestore\gamestore.unittests\bin\debug\gamestore.unittests.dll" id="152d80c6-e548-6975-32ff-526eac72799d">
      <Execution id="ecd93ea0-b17b-46de-92d5-25a88d23f595" />
      <TestMethod codeBase="C:/Users/Еламан/documents/visual studio 2010/Projects/GameStore/GameStore.UnitTests/bin/Debug/GameStore.UnitTests.DLL" adapterTypeName="Microsoft.VisualStudio.TestTools.TestTypes.Unit.UnitTestAdapter, Microsoft.VisualStudio.QualityTools.Tips.UnitTest.Adapter, Version=10.0.0.0, Culture=neutral, PublicKeyToken=b03f5f7f11d50a3a" className="GameStore.UnitTests.UnitTest1, GameStore.UnitTests, Version=1.0.0.0, Culture=neutral, PublicKeyToken=null" name="Can_Paginate" />
    </UnitTest>
    <UnitTest name="Generate_Category_Specific_Game_Count" storage="c:\users\еламан\documents\visual studio 2010\projects\gamestore\gamestore.unittests\bin\debug\gamestore.unittests.dll" id="6f148397-cdda-1699-0e91-5a93557bc4fa">
      <Execution id="c85305f1-97f9-4063-adac-761472059b7b" />
      <TestMethod codeBase="C:/Users/Еламан/documents/visual studio 2010/Projects/GameStore/GameStore.UnitTests/bin/Debug/GameStore.UnitTests.DLL" adapterTypeName="Microsoft.VisualStudio.TestTools.TestTypes.Unit.UnitTestAdapter, Microsoft.VisualStudio.QualityTools.Tips.UnitTest.Adapter, Version=10.0.0.0, Culture=neutral, PublicKeyToken=b03f5f7f11d50a3a" className="GameStore.UnitTests.UnitTest1, GameStore.UnitTests, Version=1.0.0.0, Culture=neutral, PublicKeyToken=null" name="Generate_Category_Specific_Game_Count" />
    </UnitTest>
  </TestDefinitions>
  <TestLists>
    <TestList name="Отсутствующие в списке результаты" id="8c84fa94-04c1-424b-9868-57a2d4851a1d" />
    <TestList name="Все загруженные результаты" id="19431567-8539-422a-85d7-44ee4e166bda" />
  </TestLists>
  <TestEntries>
    <TestEntry testId="04ef04bc-e56d-1246-2057-5651d8144123" executionId="5b0cebb5-b638-4c24-8251-5a31c384de13" testListId="8c84fa94-04c1-424b-9868-57a2d4851a1d" />
    <TestEntry testId="152d80c6-e548-6975-32ff-526eac72799d" executionId="ecd93ea0-b17b-46de-92d5-25a88d23f595" testListId="8c84fa94-04c1-424b-9868-57a2d4851a1d" />
    <TestEntry testId="248fbf63-e30a-3906-2aca-ffb7b54ab4ae" executionId="1c4c0121-1545-4f44-8c73-2c259cd394c7" testListId="8c84fa94-04c1-424b-9868-57a2d4851a1d" />
    <TestEntry testId="4b11be1e-0147-6757-ed88-c3ca120b8393" executionId="a5b7cdbf-f0bf-4fb6-9351-0428959848d1" testListId="8c84fa94-04c1-424b-9868-57a2d4851a1d" />
    <TestEntry testId="4beb1963-bd3d-409d-04c7-c9fd253e24c3" executionId="d08d33a1-0c6d-4c86-9bb8-ef2f810ea531" testListId="8c84fa94-04c1-424b-9868-57a2d4851a1d" />
    <TestEntry testId="4ed91e91-ba98-8123-d5cf-75198368b49a" executionId="00271354-9732-4507-be72-e19941c10a60" testListId="8c84fa94-04c1-424b-9868-57a2d4851a1d" />
    <TestEntry testId="65a3b945-5550-2539-a824-1449c94b8349" executionId="911b97db-e017-4483-a223-dba37fb41400" testListId="8c84fa94-04c1-424b-9868-57a2d4851a1d" />
    <TestEntry testId="6b603043-6690-9ebb-29ee-c7d8d1fa2129" executionId="c85289c1-fc54-4d55-a629-9bfe6b79ebdd" testListId="8c84fa94-04c1-424b-9868-57a2d4851a1d" />
    <TestEntry testId="6f148397-cdda-1699-0e91-5a93557bc4fa" executionId="c85305f1-97f9-4063-adac-761472059b7b" testListId="8c84fa94-04c1-424b-9868-57a2d4851a1d" />
    <TestEntry testId="77126ac4-a0ad-cef9-f890-c950e0427319" executionId="ba9d10d0-f870-4edb-8d94-7803ab6b829c" testListId="8c84fa94-04c1-424b-9868-57a2d4851a1d" />
    <TestEntry testId="9450c60d-569f-802f-876e-dedf5e498901" executionId="4b7e123e-2a81-4511-8021-9f021facbd49" testListId="8c84fa94-04c1-424b-9868-57a2d4851a1d" />
    <TestEntry testId="b11a8146-e8ac-0c3d-a270-8c83fc827046" executionId="3d0a3e45-df55-416d-88b8-700e34a264fd" testListId="8c84fa94-04c1-424b-9868-57a2d4851a1d" />
    <TestEntry testId="b142008b-1c74-0a07-8c5f-1a5ba4597db9" executionId="b94b1d1f-b15e-495c-86ed-f201e5a7aacc" testListId="8c84fa94-04c1-424b-9868-57a2d4851a1d" />
    <TestEntry testId="c3d0a665-2a02-f636-c9c4-8886672f1f44" executionId="11045144-ac54-4b0a-b78b-2cc8cd4b96a6" testListId="8c84fa94-04c1-424b-9868-57a2d4851a1d" />
    <TestEntry testId="d015db9f-09f9-a6dd-70d6-11ac2e91cd8f" executionId="33132c82-f7c1-476d-9d71-bd7853ae2944" testListId="8c84fa94-04c1-424b-9868-57a2d4851a1d" />
    <TestEntry testId="df04eb1a-5f46-c40f-ec5d-af6c795c7543" executionId="01d05b55-e730-4fac-8f5d-5b9fc7ab9a2c" testListId="8c84fa94-04c1-424b-9868-57a2d4851a1d" />
  </TestEntries>
  <Results>
    <UnitTestResult executionId="5b0cebb5-b638-4c24-8251-5a31c384de13" testId="04ef04bc-e56d-1246-2057-5651d8144123" testName="Indicates_Selected_Category" computerName="YELAMAN" duration="00:00:00.3907466" startTime="2016-09-08T21:03:31.2027850+06:00" endTime="2016-09-08T21:03:31.8278207+06:00" testType="13cdc9d9-ddb5-4fa4-a97d-d965ccfc6d4b" outcome="Passed" testListId="8c84fa94-04c1-424b-9868-57a2d4851a1d" relativeResultsDirectory="5b0cebb5-b638-4c24-8251-5a31c384de13">
    </UnitTestResult>
    <UnitTestResult executionId="ecd93ea0-b17b-46de-92d5-25a88d23f595" testId="152d80c6-e548-6975-32ff-526eac72799d" testName="Can_Paginate" computerName="YELAMAN" duration="00:00:00.0097446" startTime="2016-09-08T21:03:31.8428216+06:00" endTime="2016-09-08T21:03:31.8558223+06:00" testType="13cdc9d9-ddb5-4fa4-a97d-d965ccfc6d4b" outcome="Passed" testListId="8c84fa94-04c1-424b-9868-57a2d4851a1d" relativeResultsDirectory="ecd93ea0-b17b-46de-92d5-25a88d23f595">
    </UnitTestResult>
    <UnitTestResult executionId="1c4c0121-1545-4f44-8c73-2c259cd394c7" testId="248fbf63-e30a-3906-2aca-ffb7b54ab4ae" testName="Cannot_Checkout_Empty_Cart" computerName="YELAMAN" duration="00:00:00.1262160" startTime="2016-09-08T21:03:31.8568224+06:00" endTime="2016-09-08T21:03:31.9938302+06:00" testType="13cdc9d9-ddb5-4fa4-a97d-d965ccfc6d4b" outcome="Passed" testListId="8c84fa94-04c1-424b-9868-57a2d4851a1d" relativeResultsDirectory="1c4c0121-1545-4f44-8c73-2c259cd394c7">
    </UnitTestResult>
    <UnitTestResult executionId="a5b7cdbf-f0bf-4fb6-9351-0428959848d1" testId="4b11be1e-0147-6757-ed88-c3ca120b8393" testName="Can_Add_New_Lines" computerName="YELAMAN" duration="00:00:00.0041840" startTime="2016-09-08T21:03:31.9968304+06:00" endTime="2016-09-08T21:03:32.0098312+06:00" testType="13cdc9d9-ddb5-4fa4-a97d-d965ccfc6d4b" outcome="Passed" testListId="8c84fa94-04c1-424b-9868-57a2d4851a1d" relativeResultsDirectory="a5b7cdbf-f0bf-4fb6-9351-0428959848d1">
    </UnitTestResult>
    <UnitTestResult executionId="d08d33a1-0c6d-4c86-9bb8-ef2f810ea531" testId="4beb1963-bd3d-409d-04c7-c9fd253e24c3" testName="Can_Add_To_Cart" computerName="YELAMAN" duration="00:00:00.0708000" startTime="2016-09-08T21:03:32.0108312+06:00" endTime="2016-09-08T21:03:32.0938360+06:00" testType="13cdc9d9-ddb5-4fa4-a97d-d965ccfc6d4b" outcome="Passed" testListId="8c84fa94-04c1-424b-9868-57a2d4851a1d" relativeResultsDirectory="d08d33a1-0c6d-4c86-9bb8-ef2f810ea531">
    </UnitTestResult>
    <UnitTestResult executionId="00271354-9732-4507-be72-e19941c10a60" testId="4ed91e91-ba98-8123-d5cf-75198368b49a" testName="Can_Filter_Games" computerName="YELAMAN" duration="00:00:00.0082639" startTime="2016-09-08T21:03:32.1018364+06:00" endTime="2016-09-08T21:03:32.1138371+06:00" testType="13cdc9d9-ddb5-4fa4-a97d-d965ccfc6d4b" outcome="Passed" testListId="8c84fa94-04c1-424b-9868-57a2d4851a1d" relativeResultsDirectory="00271354-9732-4507-be72-e19941c10a60">
    </UnitTestResult>
    <UnitTestResult executionId="911b97db-e017-4483-a223-dba37fb41400" testId="65a3b945-5550-2539-a824-1449c94b8349" testName="Can_Remove_Line" computerName="YELAMAN" duration="00:00:00.0069703" startTime="2016-09-08T21:03:32.1168373+06:00" endTime="2016-09-08T21:03:32.1348383+06:00" testType="13cdc9d9-ddb5-4fa4-a97d-d965ccfc6d4b" outcome="Passed" testListId="8c84fa94-04c1-424b-9868-57a2d4851a1d" relativeResultsDirectory="911b97db-e017-4483-a223-dba37fb41400">
    </UnitTestResult>
    <UnitTestResult executionId="c85289c1-fc54-4d55-a629-9bfe6b79ebdd" testId="6b603043-6690-9ebb-29ee-c7d8d1fa2129" testName="Can_Generate_Page_Links" computerName="YELAMAN" duration="00:00:00.0104089" startTime="2016-09-08T21:03:32.1378385+06:00" endTime="2016-09-08T21:03:32.1508392+06:00" testType="13cdc9d9-ddb5-4fa4-a97d-d965ccfc6d4b" outcome="Passed" testListId="8c84fa94-04c1-424b-9868-57a2d4851a1d" relativeResultsDirectory="c85289c1-fc54-4d55-a629-9bfe6b79ebdd">
    </UnitTestResult>
    <UnitTestResult executionId="c85305f1-97f9-4063-adac-761472059b7b" testId="6f148397-cdda-1699-0e91-5a93557bc4fa" testName="Generate_Category_Specific_Game_Count" computerName="YELAMAN" duration="00:00:00.0065402" startTime="2016-09-08T21:03:32.1548394+06:00" endTime="2016-09-08T21:03:32.1648400+06:00" testType="13cdc9d9-ddb5-4fa4-a97d-d965ccfc6d4b" outcome="Passed" testListId="8c84fa94-04c1-424b-9868-57a2d4851a1d" relativeResultsDirectory="c85305f1-97f9-4063-adac-761472059b7b">
    </UnitTestResult>
    <UnitTestResult executionId="ba9d10d0-f870-4edb-8d94-7803ab6b829c" testId="77126ac4-a0ad-cef9-f890-c950e0427319" testName="Calculate_Cart_Total" computerName="YELAMAN" duration="00:00:00.1736348" startTime="2016-09-08T21:03:32.1738405+06:00" endTime="2016-09-08T21:03:32.3568510+06:00" testType="13cdc9d9-ddb5-4fa4-a97d-d965ccfc6d4b" outcome="Passed" testListId="8c84fa94-04c1-424b-9868-57a2d4851a1d" relativeResultsDirectory="ba9d10d0-f870-4edb-8d94-7803ab6b829c">
    </UnitTestResult>
    <UnitTestResult executionId="4b7e123e-2a81-4511-8021-9f021facbd49" testId="9450c60d-569f-802f-876e-dedf5e498901" testName="Can_View_Cart_Contents" computerName="YELAMAN" duration="00:00:00.0020819" startTime="2016-09-08T21:03:32.3598512+06:00" endTime="2016-09-08T21:03:32.3718519+06:00" testType="13cdc9d9-ddb5-4fa4-a97d-d965ccfc6d4b" outcome="Passed" testListId="8c84fa94-04c1-424b-9868-57a2d4851a1d" relativeResultsDirectory="4b7e123e-2a81-4511-8021-9f021facbd49">
    </UnitTestResult>
    <UnitTestResult executionId="3d0a3e45-df55-416d-88b8-700e34a264fd" testId="b11a8146-e8ac-0c3d-a270-8c83fc827046" testName="Can_Clear_Contents" computerName="YELAMAN" duration="00:00:00.0004427" startTime="2016-09-08T21:03:32.3728519+06:00" endTime="2016-09-08T21:03:32.3808524+06:00" testType="13cdc9d9-ddb5-4fa4-a97d-d965ccfc6d4b" outcome="Passed" testListId="8c84fa94-04c1-424b-9868-57a2d4851a1d" relativeResultsDirectory="3d0a3e45-df55-416d-88b8-700e34a264fd">
    </UnitTestResult>
    <UnitTestResult executionId="b94b1d1f-b15e-495c-86ed-f201e5a7aacc" testId="b142008b-1c74-0a07-8c5f-1a5ba4597db9" testName="Can_Send_Pagination_View_Model" computerName="YELAMAN" duration="00:00:00.0024770" startTime="2016-09-08T21:03:32.3838525+06:00" endTime="2016-09-08T21:03:32.3968533+06:00" testType="13cdc9d9-ddb5-4fa4-a97d-d965ccfc6d4b" outcome="Passed" testListId="8c84fa94-04c1-424b-9868-57a2d4851a1d" relativeResultsDirectory="b94b1d1f-b15e-495c-86ed-f201e5a7aacc">
    </UnitTestResult>
    <UnitTestResult executionId="11045144-ac54-4b0a-b78b-2cc8cd4b96a6" testId="c3d0a665-2a02-f636-c9c4-8886672f1f44" testName="Can_Add_Quantity_For_Existing_Lines" computerName="YELAMAN" duration="00:00:00.0018039" startTime="2016-09-08T21:03:32.3978533+06:00" endTime="2016-09-08T21:03:32.4018536+06:00" testType="13cdc9d9-ddb5-4fa4-a97d-d965ccfc6d4b" outcome="Passed" testListId="8c84fa94-04c1-424b-9868-57a2d4851a1d" relativeResultsDirectory="11045144-ac54-4b0a-b78b-2cc8cd4b96a6">
    </UnitTestResult>
    <UnitTestResult executionId="33132c82-f7c1-476d-9d71-bd7853ae2944" testId="d015db9f-09f9-a6dd-70d6-11ac2e91cd8f" testName="Adding_Game_To_Cart_Goes_To_Cart_Screen" computerName="YELAMAN" duration="00:00:00.0024654" startTime="2016-09-08T21:03:32.4138543+06:00" endTime="2016-09-08T21:03:32.4348555+06:00" testType="13cdc9d9-ddb5-4fa4-a97d-d965ccfc6d4b" outcome="Passed" testListId="8c84fa94-04c1-424b-9868-57a2d4851a1d" relativeResultsDirectory="33132c82-f7c1-476d-9d71-bd7853ae2944">
    </UnitTestResult>
    <UnitTestResult executionId="01d05b55-e730-4fac-8f5d-5b9fc7ab9a2c" testId="df04eb1a-5f46-c40f-ec5d-af6c795c7543" testName="Can_Create_Categories" computerName="YELAMAN" duration="00:00:00.0088372" startTime="2016-09-08T21:03:32.4358555+06:00" endTime="2016-09-08T21:03:32.4578568+06:00" testType="13cdc9d9-ddb5-4fa4-a97d-d965ccfc6d4b" outcome="Passed" testListId="8c84fa94-04c1-424b-9868-57a2d4851a1d" relativeResultsDirectory="01d05b55-e730-4fac-8f5d-5b9fc7ab9a2c">
    </UnitTestResult>
  </Results>
</TestRun>