<?xml version="1.0" encoding="UTF-8"?>
<TestRun id="5a3073c8-4d4c-4ef6-b89c-785a713efa50" name="Еламан@YELAMAN 2016-09-05 00:20:25" runUser="Yelaman\Еламан" xmlns="http://microsoft.com/schemas/VisualStudio/TeamTest/2010">
  <TestSettings name="Локальные" id="0a2bf3eb-2d22-4aeb-8e8a-f5e1b00992af">
    <Description>Это - параметры по умолчанию для локального тестового запуска.</Description>
    <Deployment enabled="false" runDeploymentRoot="Еламан_YELAMAN 2016-09-05 00_20_25">
      <DeploymentItem filename="C:\Users\Еламан\documents\visual studio 2010\Projects\GameStore\packages\Moq.4.1.1309.1617\lib\net40\Moq.dll" />
      <DeploymentItem filename="C:\Users\Еламан\documents\visual studio 2010\Projects\GameStore\GameStore.Domain\bin\Debug\GameStore.Domain.dll" />
      <DeploymentItem filename="C:\Users\Еламан\documents\visual studio 2010\Projects\GameStore\packages\Ninject.Web.Common.3.0.0.7\lib\net40-full\Ninject.Web.Common.dll" />
      <DeploymentItem filename="C:\Users\Еламан\documents\visual studio 2010\Projects\GameStore\packages\Microsoft.AspNet.Mvc.4.0.20710.0\lib\net40\System.Web.Mvc.dll" />
      <DeploymentItem filename="C:\Users\Еламан\documents\visual studio 2010\Projects\GameStore\packages\Microsoft.AspNet.WebPages.2.0.30506.0\lib\net40\System.Web.WebPages.Razor.dll" />
      <DeploymentItem filename="C:\Users\Еламан\documents\visual studio 2010\Projects\GameStore\GameStore.WebUI\bin\GameStore.WebUI.dll" />
      <DeploymentItem filename="C:\Users\Еламан\documents\visual studio 2010\Projects\GameStore\packages\Ninject.MVC3.3.0.0.6\lib\net40-full\Ninject.Web.Mvc.dll" />
      <DeploymentItem filename="C:\Users\Еламан\documents\visual studio 2010\Projects\GameStore\packages\Microsoft.AspNet.WebPages.2.0.30506.0\lib\net40\System.Web.WebPages.Deployment.dll" />
      <DeploymentItem filename="C:\Users\Еламан\documents\visual studio 2010\Projects\GameStore\packages\WebActivator.1.5.3\lib\net40\WebActivator.dll" />
      <DeploymentItem filename="C:\Users\Еламан\documents\visual studio 2010\Projects\GameStore\packages\Microsoft.AspNet.WebPages.2.0.30506.0\lib\net40\System.Web.Helpers.dll" />
      <DeploymentItem filename="C:\Users\Еламан\documents\visual studio 2010\Projects\GameStore\packages\Microsoft.AspNet.Razor.2.0.30506.0\lib\net40\System.Web.Razor.dll" />
      <DeploymentItem filename="C:\Users\Еламан\documents\visual studio 2010\Projects\GameStore\packages\Ninject.3.0.1.10\lib\net40\Ninject.dll" />
      <DeploymentItem filename="C:\Users\Еламан\documents\visual studio 2010\Projects\GameStore\packages\Microsoft.Web.Infrastructure.1.0.0.0\lib\net40\Microsoft.Web.Infrastructure.dll" />
      <DeploymentItem filename="C:\Users\Еламан\documents\visual studio 2010\Projects\GameStore\packages\Microsoft.AspNet.WebPages.2.0.30506.0\lib\net40\System.Web.WebPages.dll" />
    </Deployment>
    <Execution>
      <TestTypeSpecific />
      <AgentRule name="Execution Agents">
      </AgentRule>
    </Execution>
  </TestSettings>
  <Times creation="2016-09-05T00:20:25.9157403+06:00" queuing="2016-09-05T00:20:28.0128603+06:00" start="2016-09-05T00:20:28.0328614+06:00" finish="2016-09-05T00:20:28.5898933+06:00" />
  <ResultSummary outcome="Completed">
    <Counters total="7" executed="7" passed="7" error="0" failed="0" timeout="0" aborted="0" inconclusive="0" passedButRunAborted="0" notRunnable="0" notExecuted="0" disconnected="0" warning="0" completed="0" inProgress="0" pending="0" />
  </ResultSummary>
  <TestDefinitions>
    <UnitTest name="Calculate_Cart_Total" storage="c:\users\еламан\documents\visual studio 2010\projects\gamestore\gamestore.unittests\bin\debug\gamestore.unittests.dll" id="77126ac4-a0ad-cef9-f890-c950e0427319">
      <Execution id="f8568bf1-a5db-4b6d-a802-0be135ffb821" />
      <TestMethod codeBase="C:/Users/Еламан/documents/visual studio 2010/Projects/GameStore/GameStore.UnitTests/bin/Debug/GameStore.UnitTests.DLL" adapterTypeName="Microsoft.VisualStudio.TestTools.TestTypes.Unit.UnitTestAdapter, Microsoft.VisualStudio.QualityTools.Tips.UnitTest.Adapter, Version=10.0.0.0, Culture=neutral, PublicKeyToken=b03f5f7f11d50a3a" className="GameStore.UnitTests.CartTests, GameStore.UnitTests, Version=1.0.0.0, Culture=neutral, PublicKeyToken=null" name="Calculate_Cart_Total" />
    </UnitTest>
    <UnitTest name="Can_Remove_Line" storage="c:\users\еламан\documents\visual studio 2010\projects\gamestore\gamestore.unittests\bin\debug\gamestore.unittests.dll" id="65a3b945-5550-2539-a824-1449c94b8349">
      <Execution id="d3c655e3-bf0d-4824-b0fe-90de329f4e10" />
      <TestMethod codeBase="C:/Users/Еламан/documents/visual studio 2010/Projects/GameStore/GameStore.UnitTests/bin/Debug/GameStore.UnitTests.DLL" adapterTypeName="Microsoft.VisualStudio.TestTools.TestTypes.Unit.UnitTestAdapter, Microsoft.VisualStudio.QualityTools.Tips.UnitTest.Adapter, Version=10.0.0.0, Culture=neutral, PublicKeyToken=b03f5f7f11d50a3a" className="GameStore.UnitTests.CartTests, GameStore.UnitTests, Version=1.0.0.0, Culture=neutral, PublicKeyToken=null" name="Can_Remove_Line" />
    </UnitTest>
    <UnitTest name="Can_Clear_Contents" storage="c:\users\еламан\documents\visual studio 2010\projects\gamestore\gamestore.unittests\bin\debug\gamestore.unittests.dll" id="b11a8146-e8ac-0c3d-a270-8c83fc827046">
      <Execution id="82d1cd6d-3adf-4620-97f3-c2e9ee1935e0" />
      <TestMethod codeBase="C:/Users/Еламан/documents/visual studio 2010/Projects/GameStore/GameStore.UnitTests/bin/Debug/GameStore.UnitTests.DLL" adapterTypeName="Microsoft.VisualStudio.TestTools.TestTypes.Unit.UnitTestAdapter, Microsoft.VisualStudio.QualityTools.Tips.UnitTest.Adapter, Version=10.0.0.0, Culture=neutral, PublicKeyToken=b03f5f7f11d50a3a" className="GameStore.UnitTests.CartTests, GameStore.UnitTests, Version=1.0.0.0, Culture=neutral, PublicKeyToken=null" name="Can_Clear_Contents" />
    </UnitTest>
    <UnitTest name="Adding_Game_To_Cart_Goes_To_Cart_Screen" storage="c:\users\еламан\documents\visual studio 2010\projects\gamestore\gamestore.unittests\bin\debug\gamestore.unittests.dll" id="d015db9f-09f9-a6dd-70d6-11ac2e91cd8f">
      <Execution id="f7967240-ad09-4d16-a118-4709e18d1e9d" />
      <TestMethod codeBase="C:/Users/Еламан/documents/visual studio 2010/Projects/GameStore/GameStore.UnitTests/bin/Debug/GameStore.UnitTests.DLL" adapterTypeName="Microsoft.VisualStudio.TestTools.TestTypes.Unit.UnitTestAdapter, Microsoft.VisualStudio.QualityTools.Tips.UnitTest.Adapter, Version=10.0.0.0, Culture=neutral, PublicKeyToken=b03f5f7f11d50a3a" className="GameStore.UnitTests.CartTests, GameStore.UnitTests, Version=1.0.0.0, Culture=neutral, PublicKeyToken=null" name="Adding_Game_To_Cart_Goes_To_Cart_Screen" />
    </UnitTest>
    <UnitTest name="Can_Add_Quantity_For_Existing_Lines" storage="c:\users\еламан\documents\visual studio 2010\projects\gamestore\gamestore.unittests\bin\debug\gamestore.unittests.dll" id="c3d0a665-2a02-f636-c9c4-8886672f1f44">
      <Execution id="b4576ad1-801a-4994-b115-3feeb0678c08" />
      <TestMethod codeBase="C:/Users/Еламан/documents/visual studio 2010/Projects/GameStore/GameStore.UnitTests/bin/Debug/GameStore.UnitTests.DLL" adapterTypeName="Microsoft.VisualStudio.TestTools.TestTypes.Unit.UnitTestAdapter, Microsoft.VisualStudio.QualityTools.Tips.UnitTest.Adapter, Version=10.0.0.0, Culture=neutral, PublicKeyToken=b03f5f7f11d50a3a" className="GameStore.UnitTests.CartTests, GameStore.UnitTests, Version=1.0.0.0, Culture=neutral, PublicKeyToken=null" name="Can_Add_Quantity_For_Existing_Lines" />
    </UnitTest>
    <UnitTest name="Can_Add_New_Lines" storage="c:\users\еламан\documents\visual studio 2010\projects\gamestore\gamestore.unittests\bin\debug\gamestore.unittests.dll" id="4b11be1e-0147-6757-ed88-c3ca120b8393">
      <Execution id="48be3300-d4b1-4b14-8904-18f701024ac4" />
      <TestMethod codeBase="C:/Users/Еламан/documents/visual studio 2010/Projects/GameStore/GameStore.UnitTests/bin/Debug/GameStore.UnitTests.DLL" adapterTypeName="Microsoft.VisualStudio.TestTools.TestTypes.Unit.UnitTestAdapter, Microsoft.VisualStudio.QualityTools.Tips.UnitTest.Adapter, Version=10.0.0.0, Culture=neutral, PublicKeyToken=b03f5f7f11d50a3a" className="GameStore.UnitTests.CartTests, GameStore.UnitTests, Version=1.0.0.0, Culture=neutral, PublicKeyToken=null" name="Can_Add_New_Lines" />
    </UnitTest>
    <UnitTest name="Can_Add_To_Cart" storage="c:\users\еламан\documents\visual studio 2010\projects\gamestore\gamestore.unittests\bin\debug\gamestore.unittests.dll" id="4beb1963-bd3d-409d-04c7-c9fd253e24c3">
      <Execution id="32b04960-e613-454c-8a3a-fe8f17e59735" />
      <TestMethod codeBase="C:/Users/Еламан/documents/visual studio 2010/Projects/GameStore/GameStore.UnitTests/bin/Debug/GameStore.UnitTests.DLL" adapterTypeName="Microsoft.VisualStudio.TestTools.TestTypes.Unit.UnitTestAdapter, Microsoft.VisualStudio.QualityTools.Tips.UnitTest.Adapter, Version=10.0.0.0, Culture=neutral, PublicKeyToken=b03f5f7f11d50a3a" className="GameStore.UnitTests.CartTests, GameStore.UnitTests, Version=1.0.0.0, Culture=neutral, PublicKeyToken=null" name="Can_Add_To_Cart" />
    </UnitTest>
  </TestDefinitions>
  <TestLists>
    <TestList name="Отсутствующие в списке результаты" id="8c84fa94-04c1-424b-9868-57a2d4851a1d" />
    <TestList name="Все загруженные результаты" id="19431567-8539-422a-85d7-44ee4e166bda" />
  </TestLists>
  <TestEntries>
    <TestEntry testId="4b11be1e-0147-6757-ed88-c3ca120b8393" executionId="48be3300-d4b1-4b14-8904-18f701024ac4" testListId="8c84fa94-04c1-424b-9868-57a2d4851a1d" />
    <TestEntry testId="4beb1963-bd3d-409d-04c7-c9fd253e24c3" executionId="32b04960-e613-454c-8a3a-fe8f17e59735" testListId="8c84fa94-04c1-424b-9868-57a2d4851a1d" />
    <TestEntry testId="65a3b945-5550-2539-a824-1449c94b8349" executionId="d3c655e3-bf0d-4824-b0fe-90de329f4e10" testListId="8c84fa94-04c1-424b-9868-57a2d4851a1d" />
    <TestEntry testId="77126ac4-a0ad-cef9-f890-c950e0427319" executionId="f8568bf1-a5db-4b6d-a802-0be135ffb821" testListId="8c84fa94-04c1-424b-9868-57a2d4851a1d" />
    <TestEntry testId="b11a8146-e8ac-0c3d-a270-8c83fc827046" executionId="82d1cd6d-3adf-4620-97f3-c2e9ee1935e0" testListId="8c84fa94-04c1-424b-9868-57a2d4851a1d" />
    <TestEntry testId="c3d0a665-2a02-f636-c9c4-8886672f1f44" executionId="b4576ad1-801a-4994-b115-3feeb0678c08" testListId="8c84fa94-04c1-424b-9868-57a2d4851a1d" />
    <TestEntry testId="d015db9f-09f9-a6dd-70d6-11ac2e91cd8f" executionId="f7967240-ad09-4d16-a118-4709e18d1e9d" testListId="8c84fa94-04c1-424b-9868-57a2d4851a1d" />
  </TestEntries>
  <Results>
    <UnitTestResult executionId="48be3300-d4b1-4b14-8904-18f701024ac4" testId="4b11be1e-0147-6757-ed88-c3ca120b8393" testName="Can_Add_New_Lines" computerName="YELAMAN" duration="00:00:00.0202782" startTime="2016-09-05T00:20:28.0418620+06:00" endTime="2016-09-05T00:20:28.3448793+06:00" testType="13cdc9d9-ddb5-4fa4-a97d-d965ccfc6d4b" outcome="Passed" testListId="8c84fa94-04c1-424b-9868-57a2d4851a1d" relativeResultsDirectory="48be3300-d4b1-4b14-8904-18f701024ac4">
    </UnitTestResult>
    <UnitTestResult executionId="32b04960-e613-454c-8a3a-fe8f17e59735" testId="4beb1963-bd3d-409d-04c7-c9fd253e24c3" testName="Can_Add_To_Cart" computerName="YELAMAN" duration="00:00:00.1771981" startTime="2016-09-05T00:20:28.3458793+06:00" endTime="2016-09-05T00:20:28.5288898+06:00" testType="13cdc9d9-ddb5-4fa4-a97d-d965ccfc6d4b" outcome="Passed" testListId="8c84fa94-04c1-424b-9868-57a2d4851a1d" relativeResultsDirectory="32b04960-e613-454c-8a3a-fe8f17e59735">
    </UnitTestResult>
    <UnitTestResult executionId="d3c655e3-bf0d-4824-b0fe-90de329f4e10" testId="65a3b945-5550-2539-a824-1449c94b8349" testName="Can_Remove_Line" computerName="YELAMAN" duration="00:00:00.0024132" startTime="2016-09-05T00:20:28.5328900+06:00" endTime="2016-09-05T00:20:28.5478909+06:00" testType="13cdc9d9-ddb5-4fa4-a97d-d965ccfc6d4b" outcome="Passed" testListId="8c84fa94-04c1-424b-9868-57a2d4851a1d" relativeResultsDirectory="d3c655e3-bf0d-4824-b0fe-90de329f4e10">
    </UnitTestResult>
    <UnitTestResult executionId="f8568bf1-a5db-4b6d-a802-0be135ffb821" testId="77126ac4-a0ad-cef9-f890-c950e0427319" testName="Calculate_Cart_Total" computerName="YELAMAN" duration="00:00:00.0010976" startTime="2016-09-05T00:20:28.5488910+06:00" endTime="2016-09-05T00:20:28.5568914+06:00" testType="13cdc9d9-ddb5-4fa4-a97d-d965ccfc6d4b" outcome="Passed" testListId="8c84fa94-04c1-424b-9868-57a2d4851a1d" relativeResultsDirectory="f8568bf1-a5db-4b6d-a802-0be135ffb821">
    </UnitTestResult>
    <UnitTestResult executionId="82d1cd6d-3adf-4620-97f3-c2e9ee1935e0" testId="b11a8146-e8ac-0c3d-a270-8c83fc827046" testName="Can_Clear_Contents" computerName="YELAMAN" duration="00:00:00.0004427" startTime="2016-09-05T00:20:28.5578915+06:00" endTime="2016-09-05T00:20:28.5618917+06:00" testType="13cdc9d9-ddb5-4fa4-a97d-d965ccfc6d4b" outcome="Passed" testListId="8c84fa94-04c1-424b-9868-57a2d4851a1d" relativeResultsDirectory="82d1cd6d-3adf-4620-97f3-c2e9ee1935e0">
    </UnitTestResult>
    <UnitTestResult executionId="b4576ad1-801a-4994-b115-3feeb0678c08" testId="c3d0a665-2a02-f636-c9c4-8886672f1f44" testName="Can_Add_Quantity_For_Existing_Lines" computerName="YELAMAN" duration="00:00:00.0009283" startTime="2016-09-05T00:20:28.5638918+06:00" endTime="2016-09-05T00:20:28.5678920+06:00" testType="13cdc9d9-ddb5-4fa4-a97d-d965ccfc6d4b" outcome="Passed" testListId="8c84fa94-04c1-424b-9868-57a2d4851a1d" relativeResultsDirectory="b4576ad1-801a-4994-b115-3feeb0678c08">
    </UnitTestResult>
    <UnitTestResult executionId="f7967240-ad09-4d16-a118-4709e18d1e9d" testId="d015db9f-09f9-a6dd-70d6-11ac2e91cd8f" testName="Adding_Game_To_Cart_Goes_To_Cart_Screen" computerName="YELAMAN" duration="00:00:00.0016476" startTime="2016-09-05T00:20:28.5688921+06:00" endTime="2016-09-05T00:20:28.5738924+06:00" testType="13cdc9d9-ddb5-4fa4-a97d-d965ccfc6d4b" outcome="Passed" testListId="8c84fa94-04c1-424b-9868-57a2d4851a1d" relativeResultsDirectory="f7967240-ad09-4d16-a118-4709e18d1e9d">
    </UnitTestResult>
  </Results>
</TestRun>