<?xml version="1.0" encoding="UTF-8"?>
<TestRun id="af90aa1e-8b65-44dc-b550-bd21d6e4f433" name="Еламан@YELAMAN 2016-08-28 01:58:17" runUser="Yelaman\Еламан" xmlns="http://microsoft.com/schemas/VisualStudio/TeamTest/2010">
  <TestSettings name="Локальные" id="0a2bf3eb-2d22-4aeb-8e8a-f5e1b00992af">
    <Description>Это - параметры по умолчанию для локального тестового запуска.</Description>
    <Deployment enabled="false" runDeploymentRoot="Еламан_YELAMAN 2016-08-28 01_58_17">
      <DeploymentItem filename="C:\Users\Еламан\documents\visual studio 2010\Projects\GameStore\packages\Moq.4.1.1309.1617\lib\net40\Moq.dll" />
      <DeploymentItem filename="C:\Users\Еламан\documents\visual studio 2010\Projects\GameStore\GameStore.Domain\bin\Debug\GameStore.Domain.dll" />
      <DeploymentItem filename="C:\Users\Еламан\documents\visual studio 2010\Projects\GameStore\packages\Ninject.Web.Common.3.0.0.7\lib\net40-full\Ninject.Web.Common.dll" />
      <DeploymentItem filename="C:\Users\Еламан\documents\visual studio 2010\Projects\GameStore\packages\Microsoft.AspNet.Mvc.4.0.20710.0\lib\net40\System.Web.Mvc.dll" />
      <DeploymentItem filename="C:\Users\Еламан\documents\visual studio 2010\Projects\GameStore\packages\Microsoft.AspNet.WebPages.2.0.30506.0\lib\net40\System.Web.WebPages.Razor.dll" />
      <DeploymentItem filename="C:\Users\Еламан\documents\visual studio 2010\Projects\GameStore\GameStore.WebUI\bin\GameStore.WebUI.dll" />
      <DeploymentItem filename="C:\Users\Еламан\documents\visual studio 2010\Projects\GameStore\packages\Ninject.MVC3.3.0.0.6\lib\net40-full\Ninject.Web.Mvc.dll" />
      <DeploymentItem filename="C:\Users\Еламан\documents\visual studio 2010\Projects\GameStore\packages\Microsoft.AspNet.WebPages.2.0.30506.0\lib\net40\System.Web.WebPages.Deployment.dll" />
      <DeploymentItem filename="C:\Users\Еламан\documents\visual studio 2010\Projects\GameStore\packages\WebActivator.1.5.3\lib\net40\WebActivator.dll" />
      <DeploymentItem filename="C:\Users\Еламан\documents\visual studio 2010\Projects\GameStore\packages\Microsoft.AspNet.WebPages.2.0.30506.0\lib\net40\System.Web.Helpers.dll" />
      <DeploymentItem filename="C:\Users\Еламан\documents\visual studio 2010\Projects\GameStore\packages\Microsoft.AspNet.Razor.2.0.30506.0\lib\net40\System.Web.Razor.dll" />
      <DeploymentItem filename="C:\Users\Еламан\documents\visual studio 2010\Projects\GameStore\packages\Ninject.3.0.1.10\lib\net40\Ninject.dll" />
      <DeploymentItem filename="C:\Users\Еламан\documents\visual studio 2010\Projects\GameStore\packages\Microsoft.Web.Infrastructure.1.0.0.0\lib\net40\Microsoft.Web.Infrastructure.dll" />
      <DeploymentItem filename="C:\Users\Еламан\documents\visual studio 2010\Projects\GameStore\packages\Microsoft.AspNet.WebPages.2.0.30506.0\lib\net40\System.Web.WebPages.dll" />
    </Deployment>
    <Execution>
      <TestTypeSpecific />
      <AgentRule name="Execution Agents">
      </AgentRule>
    </Execution>
  </TestSettings>
  <Times creation="2016-08-28T01:58:17.4057477+06:00" queuing="2016-08-28T01:58:17.4717515+06:00" start="2016-08-28T01:58:17.5287547+06:00" finish="2016-08-28T01:58:17.8697742+06:00" />
  <ResultSummary outcome="Completed">
    <Counters total="1" executed="1" passed="1" error="0" failed="0" timeout="0" aborted="0" inconclusive="0" passedButRunAborted="0" notRunnable="0" notExecuted="0" disconnected="0" warning="0" completed="0" inProgress="0" pending="0" />
  </ResultSummary>
  <TestDefinitions>
    <UnitTest name="Can_Generate_Page_Links" storage="c:\users\еламан\documents\visual studio 2010\projects\gamestore\gamestore.unittests\bin\debug\gamestore.unittests.dll" id="6b603043-6690-9ebb-29ee-c7d8d1fa2129">
      <Execution id="ee35cfcf-8aa4-4b68-86ed-de26ce51d6cb" />
      <TestMethod codeBase="C:/Users/Еламан/documents/visual studio 2010/Projects/GameStore/GameStore.UnitTests/bin/Debug/GameStore.UnitTests.DLL" adapterTypeName="Microsoft.VisualStudio.TestTools.TestTypes.Unit.UnitTestAdapter, Microsoft.VisualStudio.QualityTools.Tips.UnitTest.Adapter, Version=10.0.0.0, Culture=neutral, PublicKeyToken=b03f5f7f11d50a3a" className="GameStore.UnitTests.UnitTest1, GameStore.UnitTests, Version=1.0.0.0, Culture=neutral, PublicKeyToken=null" name="Can_Generate_Page_Links" />
    </UnitTest>
  </TestDefinitions>
  <TestLists>
    <TestList name="Отсутствующие в списке результаты" id="8c84fa94-04c1-424b-9868-57a2d4851a1d" />
    <TestList name="Все загруженные результаты" id="19431567-8539-422a-85d7-44ee4e166bda" />
  </TestLists>
  <TestEntries>
    <TestEntry testId="6b603043-6690-9ebb-29ee-c7d8d1fa2129" executionId="ee35cfcf-8aa4-4b68-86ed-de26ce51d6cb" testListId="8c84fa94-04c1-424b-9868-57a2d4851a1d" />
  </TestEntries>
  <Results>
    <UnitTestResult executionId="ee35cfcf-8aa4-4b68-86ed-de26ce51d6cb" testId="6b603043-6690-9ebb-29ee-c7d8d1fa2129" testName="Can_Generate_Page_Links" computerName="YELAMAN" duration="00:00:00.1187382" startTime="2016-08-28T01:58:17.5317549+06:00" endTime="2016-08-28T01:58:17.8537733+06:00" testType="13cdc9d9-ddb5-4fa4-a97d-d965ccfc6d4b" outcome="Passed" testListId="8c84fa94-04c1-424b-9868-57a2d4851a1d" relativeResultsDirectory="ee35cfcf-8aa4-4b68-86ed-de26ce51d6cb">
    </UnitTestResult>
  </Results>
</TestRun>