<?xml version="1.0" encoding="UTF-8"?>
<TestRun id="0b87e7f7-4bab-47c2-9c2e-02bacd4ce9dc" name="Еламан@YELAMAN 2016-09-05 00:08:30" runUser="Yelaman\Еламан" xmlns="http://microsoft.com/schemas/VisualStudio/TeamTest/2010">
  <TestSettings name="Локальные" id="0a2bf3eb-2d22-4aeb-8e8a-f5e1b00992af">
    <Description>Это - параметры по умолчанию для локального тестового запуска.</Description>
    <Deployment enabled="false" runDeploymentRoot="Еламан_YELAMAN 2016-09-05 00_08_30">
      <DeploymentItem filename="C:\Users\Еламан\documents\visual studio 2010\Projects\GameStore\packages\Moq.4.1.1309.1617\lib\net40\Moq.dll" />
      <DeploymentItem filename="C:\Users\Еламан\documents\visual studio 2010\Projects\GameStore\GameStore.Domain\bin\Debug\GameStore.Domain.dll" />
      <DeploymentItem filename="C:\Users\Еламан\documents\visual studio 2010\Projects\GameStore\packages\Ninject.Web.Common.3.0.0.7\lib\net40-full\Ninject.Web.Common.dll" />
      <DeploymentItem filename="C:\Users\Еламан\documents\visual studio 2010\Projects\GameStore\packages\Microsoft.AspNet.Mvc.4.0.20710.0\lib\net40\System.Web.Mvc.dll" />
      <DeploymentItem filename="C:\Users\Еламан\documents\visual studio 2010\Projects\GameStore\packages\Microsoft.AspNet.WebPages.2.0.30506.0\lib\net40\System.Web.WebPages.Razor.dll" />
      <DeploymentItem filename="C:\Users\Еламан\documents\visual studio 2010\Projects\GameStore\GameStore.WebUI\bin\GameStore.WebUI.dll" />
      <DeploymentItem filename="C:\Users\Еламан\documents\visual studio 2010\Projects\GameStore\packages\Ninject.MVC3.3.0.0.6\lib\net40-full\Ninject.Web.Mvc.dll" />
      <DeploymentItem filename="C:\Users\Еламан\documents\visual studio 2010\Projects\GameStore\packages\Microsoft.AspNet.WebPages.2.0.30506.0\lib\net40\System.Web.WebPages.Deployment.dll" />
      <DeploymentItem filename="C:\Users\Еламан\documents\visual studio 2010\Projects\GameStore\packages\WebActivator.1.5.3\lib\net40\WebActivator.dll" />
      <DeploymentItem filename="C:\Users\Еламан\documents\visual studio 2010\Projects\GameStore\packages\Microsoft.AspNet.WebPages.2.0.30506.0\lib\net40\System.Web.Helpers.dll" />
      <DeploymentItem filename="C:\Users\Еламан\documents\visual studio 2010\Projects\GameStore\packages\Microsoft.AspNet.Razor.2.0.30506.0\lib\net40\System.Web.Razor.dll" />
      <DeploymentItem filename="C:\Users\Еламан\documents\visual studio 2010\Projects\GameStore\packages\Ninject.3.0.1.10\lib\net40\Ninject.dll" />
      <DeploymentItem filename="C:\Users\Еламан\documents\visual studio 2010\Projects\GameStore\packages\Microsoft.Web.Infrastructure.1.0.0.0\lib\net40\Microsoft.Web.Infrastructure.dll" />
      <DeploymentItem filename="C:\Users\Еламан\documents\visual studio 2010\Projects\GameStore\packages\Microsoft.AspNet.WebPages.2.0.30506.0\lib\net40\System.Web.WebPages.dll" />
    </Deployment>
    <Execution>
      <TestTypeSpecific />
      <AgentRule name="Execution Agents">
      </AgentRule>
    </Execution>
  </TestSettings>
  <Times creation="2016-09-05T00:08:30.0947977+06:00" queuing="2016-09-05T00:08:31.4278740+06:00" start="2016-09-05T00:08:31.4468751+06:00" finish="2016-09-05T00:08:32.0289084+06:00" />
  <ResultSummary outcome="Completed">
    <Counters total="7" executed="7" passed="7" error="0" failed="0" timeout="0" aborted="0" inconclusive="0" passedButRunAborted="0" notRunnable="0" notExecuted="0" disconnected="0" warning="0" completed="0" inProgress="0" pending="0" />
  </ResultSummary>
  <TestDefinitions>
    <UnitTest name="Calculate_Cart_Total" storage="c:\users\еламан\documents\visual studio 2010\projects\gamestore\gamestore.unittests\bin\debug\gamestore.unittests.dll" id="77126ac4-a0ad-cef9-f890-c950e0427319">
      <Execution id="61c90475-9ac8-4e10-a1db-37653d67f650" />
      <TestMethod codeBase="C:/Users/Еламан/documents/visual studio 2010/Projects/GameStore/GameStore.UnitTests/bin/Debug/GameStore.UnitTests.DLL" adapterTypeName="Microsoft.VisualStudio.TestTools.TestTypes.Unit.UnitTestAdapter, Microsoft.VisualStudio.QualityTools.Tips.UnitTest.Adapter, Version=10.0.0.0, Culture=neutral, PublicKeyToken=b03f5f7f11d50a3a" className="GameStore.UnitTests.CartTests, GameStore.UnitTests, Version=1.0.0.0, Culture=neutral, PublicKeyToken=null" name="Calculate_Cart_Total" />
    </UnitTest>
    <UnitTest name="Can_Remove_Line" storage="c:\users\еламан\documents\visual studio 2010\projects\gamestore\gamestore.unittests\bin\debug\gamestore.unittests.dll" id="65a3b945-5550-2539-a824-1449c94b8349">
      <Execution id="5eee7f0c-e074-43e8-b1d0-3277f13c0357" />
      <TestMethod codeBase="C:/Users/Еламан/documents/visual studio 2010/Projects/GameStore/GameStore.UnitTests/bin/Debug/GameStore.UnitTests.DLL" adapterTypeName="Microsoft.VisualStudio.TestTools.TestTypes.Unit.UnitTestAdapter, Microsoft.VisualStudio.QualityTools.Tips.UnitTest.Adapter, Version=10.0.0.0, Culture=neutral, PublicKeyToken=b03f5f7f11d50a3a" className="GameStore.UnitTests.CartTests, GameStore.UnitTests, Version=1.0.0.0, Culture=neutral, PublicKeyToken=null" name="Can_Remove_Line" />
    </UnitTest>
    <UnitTest name="Can_Clear_Contents" storage="c:\users\еламан\documents\visual studio 2010\projects\gamestore\gamestore.unittests\bin\debug\gamestore.unittests.dll" id="b11a8146-e8ac-0c3d-a270-8c83fc827046">
      <Execution id="6f5b36e2-6984-4e9e-a1fc-b27aa7b887b4" />
      <TestMethod codeBase="C:/Users/Еламан/documents/visual studio 2010/Projects/GameStore/GameStore.UnitTests/bin/Debug/GameStore.UnitTests.DLL" adapterTypeName="Microsoft.VisualStudio.TestTools.TestTypes.Unit.UnitTestAdapter, Microsoft.VisualStudio.QualityTools.Tips.UnitTest.Adapter, Version=10.0.0.0, Culture=neutral, PublicKeyToken=b03f5f7f11d50a3a" className="GameStore.UnitTests.CartTests, GameStore.UnitTests, Version=1.0.0.0, Culture=neutral, PublicKeyToken=null" name="Can_Clear_Contents" />
    </UnitTest>
    <UnitTest name="Adding_Game_To_Cart_Goes_To_Cart_Screen" storage="c:\users\еламан\documents\visual studio 2010\projects\gamestore\gamestore.unittests\bin\debug\gamestore.unittests.dll" id="d015db9f-09f9-a6dd-70d6-11ac2e91cd8f">
      <Execution id="ed0a0a5c-7ef3-458f-849a-f537a6c750b3" />
      <TestMethod codeBase="C:/Users/Еламан/documents/visual studio 2010/Projects/GameStore/GameStore.UnitTests/bin/Debug/GameStore.UnitTests.DLL" adapterTypeName="Microsoft.VisualStudio.TestTools.TestTypes.Unit.UnitTestAdapter, Microsoft.VisualStudio.QualityTools.Tips.UnitTest.Adapter, Version=10.0.0.0, Culture=neutral, PublicKeyToken=b03f5f7f11d50a3a" className="GameStore.UnitTests.CartTests, GameStore.UnitTests, Version=1.0.0.0, Culture=neutral, PublicKeyToken=null" name="Adding_Game_To_Cart_Goes_To_Cart_Screen" />
    </UnitTest>
    <UnitTest name="Can_Add_Quantity_For_Existing_Lines" storage="c:\users\еламан\documents\visual studio 2010\projects\gamestore\gamestore.unittests\bin\debug\gamestore.unittests.dll" id="c3d0a665-2a02-f636-c9c4-8886672f1f44">
      <Execution id="c9a44e0d-bd68-4b6b-aa40-47387dfba7fe" />
      <TestMethod codeBase="C:/Users/Еламан/documents/visual studio 2010/Projects/GameStore/GameStore.UnitTests/bin/Debug/GameStore.UnitTests.DLL" adapterTypeName="Microsoft.VisualStudio.TestTools.TestTypes.Unit.UnitTestAdapter, Microsoft.VisualStudio.QualityTools.Tips.UnitTest.Adapter, Version=10.0.0.0, Culture=neutral, PublicKeyToken=b03f5f7f11d50a3a" className="GameStore.UnitTests.CartTests, GameStore.UnitTests, Version=1.0.0.0, Culture=neutral, PublicKeyToken=null" name="Can_Add_Quantity_For_Existing_Lines" />
    </UnitTest>
    <UnitTest name="Can_Add_New_Lines" storage="c:\users\еламан\documents\visual studio 2010\projects\gamestore\gamestore.unittests\bin\debug\gamestore.unittests.dll" id="4b11be1e-0147-6757-ed88-c3ca120b8393">
      <Execution id="c199fbe8-cc4d-4083-83b8-ca54c7dba98b" />
      <TestMethod codeBase="C:/Users/Еламан/documents/visual studio 2010/Projects/GameStore/GameStore.UnitTests/bin/Debug/GameStore.UnitTests.DLL" adapterTypeName="Microsoft.VisualStudio.TestTools.TestTypes.Unit.UnitTestAdapter, Microsoft.VisualStudio.QualityTools.Tips.UnitTest.Adapter, Version=10.0.0.0, Culture=neutral, PublicKeyToken=b03f5f7f11d50a3a" className="GameStore.UnitTests.CartTests, GameStore.UnitTests, Version=1.0.0.0, Culture=neutral, PublicKeyToken=null" name="Can_Add_New_Lines" />
    </UnitTest>
    <UnitTest name="Can_Add_To_Cart" storage="c:\users\еламан\documents\visual studio 2010\projects\gamestore\gamestore.unittests\bin\debug\gamestore.unittests.dll" id="4beb1963-bd3d-409d-04c7-c9fd253e24c3">
      <Execution id="2648f1c7-d642-4a32-9b16-9c6b0cfc31e6" />
      <TestMethod codeBase="C:/Users/Еламан/documents/visual studio 2010/Projects/GameStore/GameStore.UnitTests/bin/Debug/GameStore.UnitTests.DLL" adapterTypeName="Microsoft.VisualStudio.TestTools.TestTypes.Unit.UnitTestAdapter, Microsoft.VisualStudio.QualityTools.Tips.UnitTest.Adapter, Version=10.0.0.0, Culture=neutral, PublicKeyToken=b03f5f7f11d50a3a" className="GameStore.UnitTests.CartTests, GameStore.UnitTests, Version=1.0.0.0, Culture=neutral, PublicKeyToken=null" name="Can_Add_To_Cart" />
    </UnitTest>
  </TestDefinitions>
  <TestLists>
    <TestList name="Отсутствующие в списке результаты" id="8c84fa94-04c1-424b-9868-57a2d4851a1d" />
    <TestList name="Все загруженные результаты" id="19431567-8539-422a-85d7-44ee4e166bda" />
  </TestLists>
  <TestEntries>
    <TestEntry testId="4b11be1e-0147-6757-ed88-c3ca120b8393" executionId="c199fbe8-cc4d-4083-83b8-ca54c7dba98b" testListId="8c84fa94-04c1-424b-9868-57a2d4851a1d" />
    <TestEntry testId="4beb1963-bd3d-409d-04c7-c9fd253e24c3" executionId="2648f1c7-d642-4a32-9b16-9c6b0cfc31e6" testListId="8c84fa94-04c1-424b-9868-57a2d4851a1d" />
    <TestEntry testId="65a3b945-5550-2539-a824-1449c94b8349" executionId="5eee7f0c-e074-43e8-b1d0-3277f13c0357" testListId="8c84fa94-04c1-424b-9868-57a2d4851a1d" />
    <TestEntry testId="77126ac4-a0ad-cef9-f890-c950e0427319" executionId="61c90475-9ac8-4e10-a1db-37653d67f650" testListId="8c84fa94-04c1-424b-9868-57a2d4851a1d" />
    <TestEntry testId="b11a8146-e8ac-0c3d-a270-8c83fc827046" executionId="6f5b36e2-6984-4e9e-a1fc-b27aa7b887b4" testListId="8c84fa94-04c1-424b-9868-57a2d4851a1d" />
    <TestEntry testId="c3d0a665-2a02-f636-c9c4-8886672f1f44" executionId="c9a44e0d-bd68-4b6b-aa40-47387dfba7fe" testListId="8c84fa94-04c1-424b-9868-57a2d4851a1d" />
    <TestEntry testId="d015db9f-09f9-a6dd-70d6-11ac2e91cd8f" executionId="ed0a0a5c-7ef3-458f-849a-f537a6c750b3" testListId="8c84fa94-04c1-424b-9868-57a2d4851a1d" />
  </TestEntries>
  <Results>
    <UnitTestResult executionId="c199fbe8-cc4d-4083-83b8-ca54c7dba98b" testId="4b11be1e-0147-6757-ed88-c3ca120b8393" testName="Can_Add_New_Lines" computerName="YELAMAN" duration="00:00:00.0199134" startTime="2016-09-05T00:08:31.4968779+06:00" endTime="2016-09-05T00:08:31.7168905+06:00" testType="13cdc9d9-ddb5-4fa4-a97d-d965ccfc6d4b" outcome="Passed" testListId="8c84fa94-04c1-424b-9868-57a2d4851a1d" relativeResultsDirectory="c199fbe8-cc4d-4083-83b8-ca54c7dba98b">
    </UnitTestResult>
    <UnitTestResult executionId="2648f1c7-d642-4a32-9b16-9c6b0cfc31e6" testId="4beb1963-bd3d-409d-04c7-c9fd253e24c3" testName="Can_Add_To_Cart" computerName="YELAMAN" duration="00:00:00.1851137" startTime="2016-09-05T00:08:31.7188906+06:00" endTime="2016-09-05T00:08:31.9069014+06:00" testType="13cdc9d9-ddb5-4fa4-a97d-d965ccfc6d4b" outcome="Passed" testListId="8c84fa94-04c1-424b-9868-57a2d4851a1d" relativeResultsDirectory="2648f1c7-d642-4a32-9b16-9c6b0cfc31e6">
    </UnitTestResult>
    <UnitTestResult executionId="5eee7f0c-e074-43e8-b1d0-3277f13c0357" testId="65a3b945-5550-2539-a824-1449c94b8349" testName="Can_Remove_Line" computerName="YELAMAN" duration="00:00:00.0012707" startTime="2016-09-05T00:08:31.9079014+06:00" endTime="2016-09-05T00:08:31.9139018+06:00" testType="13cdc9d9-ddb5-4fa4-a97d-d965ccfc6d4b" outcome="Passed" testListId="8c84fa94-04c1-424b-9868-57a2d4851a1d" relativeResultsDirectory="5eee7f0c-e074-43e8-b1d0-3277f13c0357">
    </UnitTestResult>
    <UnitTestResult executionId="61c90475-9ac8-4e10-a1db-37653d67f650" testId="77126ac4-a0ad-cef9-f890-c950e0427319" testName="Calculate_Cart_Total" computerName="YELAMAN" duration="00:00:00.0550511" startTime="2016-09-05T00:08:31.9149018+06:00" endTime="2016-09-05T00:08:31.9729052+06:00" testType="13cdc9d9-ddb5-4fa4-a97d-d965ccfc6d4b" outcome="Passed" testListId="8c84fa94-04c1-424b-9868-57a2d4851a1d" relativeResultsDirectory="61c90475-9ac8-4e10-a1db-37653d67f650">
    </UnitTestResult>
    <UnitTestResult executionId="6f5b36e2-6984-4e9e-a1fc-b27aa7b887b4" testId="b11a8146-e8ac-0c3d-a270-8c83fc827046" testName="Can_Clear_Contents" computerName="YELAMAN" duration="00:00:00.0009199" startTime="2016-09-05T00:08:31.9769054+06:00" endTime="2016-09-05T00:08:31.9869060+06:00" testType="13cdc9d9-ddb5-4fa4-a97d-d965ccfc6d4b" outcome="Passed" testListId="8c84fa94-04c1-424b-9868-57a2d4851a1d" relativeResultsDirectory="6f5b36e2-6984-4e9e-a1fc-b27aa7b887b4">
    </UnitTestResult>
    <UnitTestResult executionId="c9a44e0d-bd68-4b6b-aa40-47387dfba7fe" testId="c3d0a665-2a02-f636-c9c4-8886672f1f44" testName="Can_Add_Quantity_For_Existing_Lines" computerName="YELAMAN" duration="00:00:00.0016154" startTime="2016-09-05T00:08:31.9909062+06:00" endTime="2016-09-05T00:08:31.9989066+06:00" testType="13cdc9d9-ddb5-4fa4-a97d-d965ccfc6d4b" outcome="Passed" testListId="8c84fa94-04c1-424b-9868-57a2d4851a1d" relativeResultsDirectory="c9a44e0d-bd68-4b6b-aa40-47387dfba7fe">
    </UnitTestResult>
    <UnitTestResult executionId="ed0a0a5c-7ef3-458f-849a-f537a6c750b3" testId="d015db9f-09f9-a6dd-70d6-11ac2e91cd8f" testName="Adding_Game_To_Cart_Goes_To_Cart_Screen" computerName="YELAMAN" duration="00:00:00.0028423" startTime="2016-09-05T00:08:32.0029069+06:00" endTime="2016-09-05T00:08:32.0099073+06:00" testType="13cdc9d9-ddb5-4fa4-a97d-d965ccfc6d4b" outcome="Passed" testListId="8c84fa94-04c1-424b-9868-57a2d4851a1d" relativeResultsDirectory="ed0a0a5c-7ef3-458f-849a-f537a6c750b3">
    </UnitTestResult>
  </Results>
</TestRun>